#
# There is insufficient memory for the Java Runtime Environment to continue.
# Native memory allocation (malloc) failed to allocate 1209136 bytes for Chunk::new
# Possible reasons:
#   The system is out of physical RAM or swap space
#   The process is running with CompressedOops enabled, and the Java Heap may be blocking the growth of the native heap
# Possible solutions:
#   Reduce memory load on the system
#   Increase physical memory or swap space
#   Check if swap backing store is full
#   Decrease Java heap size (-Xmx/-Xms)
#   Decrease number of Java threads
#   Decrease Java thread stack sizes (-Xss)
#   Set larger code cache with -XX:ReservedCodeCacheSize=
#   JVM is running with Unscaled Compressed Oops mode in which the Java heap is
#     placed in the first 4GB address space. The Java Heap base address is the
#     maximum limit for the native heap growth. Please use -XX:HeapBaseMinAddress
#     to set the Java Heap base and to place the Java Heap above 4GB virtual address.
# This output file may be truncated or incomplete.
#
#  Out of Memory Error (arena.cpp:195), pid=8824, tid=1452
#
# JRE version: Java(TM) SE Runtime Environment (16.0.1+9) (build 16.0.1+9-24)
# Java VM: Java HotSpot(TM) 64-Bit Server VM (16.0.1+9-24, mixed mode, sharing, tiered, compressed oops, compressed class ptrs, g1 gc, windows-amd64)
# No core dump will be written. Minidumps are not enabled by default on client versions of Windows
#

---------------  S U M M A R Y ------------

Command Line: -javaagent:D:\Gersov\AppData\Local\JetBrains\IntelliJ IDEA Community Edition 2021.1.3\lib\idea_rt.jar=64154:D:\Gersov\AppData\Local\JetBrains\IntelliJ IDEA Community Edition 2021.1.3\bin -Dfile.encoding=UTF-8 com.calculator.math.CalculatorApplication

Host: Intel(R) Atom(TM) x5-Z8350  CPU @ 1.44GHz, 4 cores, 1G,  Windows 10 , 64 bit Build 18362 (10.0.18362.1)
Time: Mon Jul 26 20:25:46 2021 South Africa Standard Time elapsed time: 49.658712 seconds (0d 0h 0m 49s)

---------------  T H R E A D  ---------------

Current thread (0x0000021e335b0ca0):  JavaThread "C2 CompilerThread0" daemon [_thread_in_native, id=1452, stack(0x000000cf72c00000,0x000000cf72d00000)]


Current CompileTask:
C2:  49660 3572       4       jdk.internal.org.objectweb.asm.SymbolTable::addConstantMemberReference (147 bytes)

Stack: [0x000000cf72c00000,0x000000cf72d00000]
Native frames: (J=compiled Java code, j=interpreted, Vv=VM code, C=native code)
V  [jvm.dll+0x6687ca]
V  [jvm.dll+0x7ca3c9]
V  [jvm.dll+0x7cbb53]
V  [jvm.dll+0x7cc1b3]
V  [jvm.dll+0x242ea5]
V  [jvm.dll+0xadeca]
V  [jvm.dll+0xae5ac]
V  [jvm.dll+0x35aed2]
V  [jvm.dll+0x1b9f31]
V  [jvm.dll+0x216066]
V  [jvm.dll+0x215350]
V  [jvm.dll+0x1a1d9b]
V  [jvm.dll+0x2253a8]
V  [jvm.dll+0x2233ec]
V  [jvm.dll+0x780002]
V  [jvm.dll+0x779b4a]
V  [jvm.dll+0x667666]
C  [ucrtbase.dll+0x1d912]
C  [KERNEL32.DLL+0x17944]
C  [ntdll.dll+0x6ce71]


---------------  P R O C E S S  ---------------

Threads class SMR info:
_java_thread_list=0x0000021e352dda80, length=18, elements={
0x0000021e178703a0, 0x0000021e33597fd0, 0x0000021e335997f0, 0x0000021e335a8c60,
0x0000021e335a9660, 0x0000021e335aa060, 0x0000021e335aff70, 0x0000021e335b0ca0,
0x0000021e335b2f80, 0x0000021e335be4f0, 0x0000021e3358a560, 0x0000021e341003f0,
0x0000021e340a6eb0, 0x0000021e358eecf0, 0x0000021e343f7260, 0x0000021e3492d0c0,
0x0000021e377b9b40, 0x0000021e377bab30
}

Java Threads: ( => current thread )
  0x0000021e178703a0 JavaThread "main" [_thread_in_native_trans, id=8360, stack(0x000000cf71f00000,0x000000cf72000000)]
  0x0000021e33597fd0 JavaThread "Reference Handler" daemon [_thread_blocked, id=460, stack(0x000000cf72600000,0x000000cf72700000)]
  0x0000021e335997f0 JavaThread "Finalizer" daemon [_thread_blocked, id=1432, stack(0x000000cf72700000,0x000000cf72800000)]
  0x0000021e335a8c60 JavaThread "Signal Dispatcher" daemon [_thread_blocked, id=1472, stack(0x000000cf72800000,0x000000cf72900000)]
  0x0000021e335a9660 JavaThread "Attach Listener" daemon [_thread_blocked, id=1120, stack(0x000000cf72900000,0x000000cf72a00000)]
  0x0000021e335aa060 JavaThread "Service Thread" daemon [_thread_blocked, id=7892, stack(0x000000cf72a00000,0x000000cf72b00000)]
  0x0000021e335aff70 JavaThread "Monitor Deflation Thread" daemon [_thread_blocked, id=8344, stack(0x000000cf72b00000,0x000000cf72c00000)]
=>0x0000021e335b0ca0 JavaThread "C2 CompilerThread0" daemon [_thread_in_native, id=1452, stack(0x000000cf72c00000,0x000000cf72d00000)]
  0x0000021e335b2f80 JavaThread "C1 CompilerThread0" daemon [_thread_blocked, id=6328, stack(0x000000cf72d00000,0x000000cf72e00000)]
  0x0000021e335be4f0 JavaThread "Sweeper thread" daemon [_thread_blocked, id=2908, stack(0x000000cf72e00000,0x000000cf72f00000)]
  0x0000021e3358a560 JavaThread "Common-Cleaner" daemon [_thread_blocked, id=4008, stack(0x000000cf72f00000,0x000000cf73000000)]
  0x0000021e341003f0 JavaThread "Monitor Ctrl-Break" daemon [_thread_in_native, id=4328, stack(0x000000cf73000000,0x000000cf73100000)]
  0x0000021e340a6eb0 JavaThread "Notification Thread" daemon [_thread_blocked, id=8216, stack(0x000000cf73100000,0x000000cf73200000)]
  0x0000021e358eecf0 JavaThread "Catalina-utility-1" [_thread_blocked, id=3304, stack(0x000000cf71e00000,0x000000cf71f00000)]
  0x0000021e343f7260 JavaThread "Catalina-utility-2" [_thread_blocked, id=1348, stack(0x000000cf73700000,0x000000cf73800000)]
  0x0000021e3492d0c0 JavaThread "container-0" [_thread_blocked, id=5604, stack(0x000000cf73800000,0x000000cf73900000)]
  0x0000021e377b9b40 JavaThread "AMQP Connection 127.0.0.1:5672" [_thread_in_native, id=772, stack(0x000000cf73b00000,0x000000cf73c00000)]
  0x0000021e377bab30 JavaThread "pool-1-thread-2" [_thread_blocked, id=7548, stack(0x000000cf73c00000,0x000000cf73d00000)]

Other Threads:
  0x0000021e17939050 VMThread "VM Thread" [stack: 0x000000cf72500000,0x000000cf72600000] [id=8460]
  0x0000021e340a73d0 WatcherThread [stack: 0x000000cf73200000,0x000000cf73300000] [id=5260]
  0x0000021e17898b60 GCTaskThread "GC Thread#0" [stack: 0x000000cf72000000,0x000000cf72100000] [id=656]
  0x0000021e346bc3f0 GCTaskThread "GC Thread#1" [stack: 0x000000cf73300000,0x000000cf73400000] [id=7716]
  0x0000021e3477e470 GCTaskThread "GC Thread#2" [stack: 0x000000cf73400000,0x000000cf73500000] [id=9152]
  0x0000021e34859980 GCTaskThread "GC Thread#3" [stack: 0x000000cf73500000,0x000000cf73600000] [id=7752]
  0x0000021e1789da20 ConcurrentGCThread "G1 Main Marker" [stack: 0x000000cf72100000,0x000000cf72200000] [id=3996]
  0x0000021e1789e510 ConcurrentGCThread "G1 Conc#0" [stack: 0x000000cf72200000,0x000000cf72300000] [id=128]
  0x0000021e178d7b90 ConcurrentGCThread "G1 Refine#0" [stack: 0x000000cf72300000,0x000000cf72400000] [id=1916]
  0x0000021e346bc700 ConcurrentGCThread "G1 Refine#1" [stack: 0x000000cf73600000,0x000000cf73700000] [id=6592]
  0x0000021e178d8690 ConcurrentGCThread "G1 Service" [stack: 0x000000cf72400000,0x000000cf72500000] [id=7640]

Threads with active compile tasks:
C2 CompilerThread0    49971 3572       4       jdk.internal.org.objectweb.asm.SymbolTable::addConstantMemberReference (147 bytes)

VM state: not at safepoint (normal execution)

VM Mutex/Monitor currently owned by a thread: None

Heap address: 0x00000000e1400000, size: 492 MB, Compressed Oops mode: 32-bit

CDS archive(s) mapped at: [0x0000000800000000-0x0000000800bb0000-0x0000000800bb0000), size 12255232, SharedBaseAddress: 0x0000000800000000, ArchiveRelocationMode: 0.
Compressed class space mapped at: 0x0000000800c00000-0x0000000840c00000, reserved size: 1073741824
Narrow klass base: 0x0000000800000000, Narrow klass shift: 3, Narrow klass range: 0x100000000

GC Precious Log:
 CPUs: 4 total, 4 available
 Memory: 1962M
 Large Page Support: Disabled
 NUMA Support: Disabled
 Compressed Oops: Enabled (32-bit)
 Heap Region Size: 1M
 Heap Min Capacity: 8M
 Heap Initial Capacity: 32M
 Heap Max Capacity: 492M
 Pre-touch: Disabled
 Parallel Workers: 4
 Concurrent Workers: 1
 Concurrent Refinement Workers: 4
 Periodic GC: Disabled

Heap:
 garbage-first heap   total 32768K, used 23263K [0x00000000e1400000, 0x0000000100000000)
  region size 1024K, 13 young (13312K), 2 survivors (2048K)
 Metaspace       used 30395K, committed 30720K, reserved 1081344K
  class space    used 3709K, committed 3904K, reserved 1048576K

Heap Regions: E=young(eden), S=young(survivor), O=old, HS=humongous(starts), HC=humongous(continues), CS=collection set, F=free, OA=open archive, CA=closed archive, TAMS=top-at-mark-start (previous, next)
|   0|0x00000000e1400000, 0x00000000e1500000, 0x00000000e1500000|100%| O|  |TAMS 0x00000000e1500000, 0x00000000e1400000| Untracked 
|   1|0x00000000e1500000, 0x00000000e1600000, 0x00000000e1600000|100%| O|  |TAMS 0x00000000e1600000, 0x00000000e1500000| Untracked 
|   2|0x00000000e1600000, 0x00000000e1700000, 0x00000000e1700000|100%| O|  |TAMS 0x00000000e1700000, 0x00000000e1600000| Untracked 
|   3|0x00000000e1700000, 0x00000000e1800000, 0x00000000e1800000|100%| O|  |TAMS 0x00000000e1800000, 0x00000000e1700000| Untracked 
|   4|0x00000000e1800000, 0x00000000e1900000, 0x00000000e1900000|100%| O|  |TAMS 0x00000000e1900000, 0x00000000e1800000| Untracked 
|   5|0x00000000e1900000, 0x00000000e1a00000, 0x00000000e1a00000|100%| O|  |TAMS 0x00000000e1a00000, 0x00000000e1900000| Untracked 
|   6|0x00000000e1a00000, 0x00000000e1b00000, 0x00000000e1b00000|100%| O|  |TAMS 0x00000000e1af5600, 0x00000000e1a00000| Untracked 
|   7|0x00000000e1b00000, 0x00000000e1c00000, 0x00000000e1c00000|100%| O|  |TAMS 0x00000000e1b00000, 0x00000000e1b00000| Untracked 
|   8|0x00000000e1c00000, 0x00000000e1d00000, 0x00000000e1d00000|100%| O|  |TAMS 0x00000000e1c00000, 0x00000000e1c00000| Untracked 
|   9|0x00000000e1d00000, 0x00000000e1e00000, 0x00000000e1e00000|100%| O|  |TAMS 0x00000000e1d00000, 0x00000000e1d00000| Untracked 
|  10|0x00000000e1e00000, 0x00000000e1ec6400, 0x00000000e1f00000| 77%| O|  |TAMS 0x00000000e1e00000, 0x00000000e1e00000| Untracked 
|  11|0x00000000e1f00000, 0x00000000e1f00000, 0x00000000e2000000|  0%| F|  |TAMS 0x00000000e1f00000, 0x00000000e1f00000| Untracked 
|  12|0x00000000e2000000, 0x00000000e2000000, 0x00000000e2100000|  0%| F|  |TAMS 0x00000000e2000000, 0x00000000e2000000| Untracked 
|  13|0x00000000e2100000, 0x00000000e2100000, 0x00000000e2200000|  0%| F|  |TAMS 0x00000000e2100000, 0x00000000e2100000| Untracked 
|  14|0x00000000e2200000, 0x00000000e2200000, 0x00000000e2300000|  0%| F|  |TAMS 0x00000000e2200000, 0x00000000e2200000| Untracked 
|  15|0x00000000e2300000, 0x00000000e2300000, 0x00000000e2400000|  0%| F|  |TAMS 0x00000000e2300000, 0x00000000e2300000| Untracked 
|  16|0x00000000e2400000, 0x00000000e2400000, 0x00000000e2500000|  0%| F|  |TAMS 0x00000000e2400000, 0x00000000e2400000| Untracked 
|  17|0x00000000e2500000, 0x00000000e2500000, 0x00000000e2600000|  0%| F|  |TAMS 0x00000000e2500000, 0x00000000e2500000| Untracked 
|  18|0x00000000e2600000, 0x00000000e26f1b60, 0x00000000e2700000| 94%| S|CS|TAMS 0x00000000e2600000, 0x00000000e2600000| Complete 
|  19|0x00000000e2700000, 0x00000000e2800000, 0x00000000e2800000|100%| S|CS|TAMS 0x00000000e2700000, 0x00000000e2700000| Complete 
|  20|0x00000000e2800000, 0x00000000e2800000, 0x00000000e2900000|  0%| F|  |TAMS 0x00000000e2800000, 0x00000000e2800000| Untracked 
|  21|0x00000000e2900000, 0x00000000e29d3040, 0x00000000e2a00000| 82%| E|  |TAMS 0x00000000e2900000, 0x00000000e2900000| Complete 
|  22|0x00000000e2a00000, 0x00000000e2b00000, 0x00000000e2b00000|100%| E|CS|TAMS 0x00000000e2a00000, 0x00000000e2a00000| Complete 
|  23|0x00000000e2b00000, 0x00000000e2c00000, 0x00000000e2c00000|100%| E|CS|TAMS 0x00000000e2b00000, 0x00000000e2b00000| Complete 
|  24|0x00000000e2c00000, 0x00000000e2d00000, 0x00000000e2d00000|100%| E|CS|TAMS 0x00000000e2c00000, 0x00000000e2c00000| Complete 
|  25|0x00000000e2d00000, 0x00000000e2e00000, 0x00000000e2e00000|100%| E|CS|TAMS 0x00000000e2d00000, 0x00000000e2d00000| Complete 
|  26|0x00000000e2e00000, 0x00000000e2f00000, 0x00000000e2f00000|100%| E|CS|TAMS 0x00000000e2e00000, 0x00000000e2e00000| Complete 
|  27|0x00000000e2f00000, 0x00000000e3000000, 0x00000000e3000000|100%| E|CS|TAMS 0x00000000e2f00000, 0x00000000e2f00000| Complete 
|  28|0x00000000e3000000, 0x00000000e3100000, 0x00000000e3100000|100%| E|CS|TAMS 0x00000000e3000000, 0x00000000e3000000| Complete 
|  29|0x00000000e3100000, 0x00000000e3200000, 0x00000000e3200000|100%| E|CS|TAMS 0x00000000e3100000, 0x00000000e3100000| Complete 
|  30|0x00000000e3200000, 0x00000000e3300000, 0x00000000e3300000|100%| E|CS|TAMS 0x00000000e3200000, 0x00000000e3200000| Complete 
|  31|0x00000000e3300000, 0x00000000e3400000, 0x00000000e3400000|100%| E|CS|TAMS 0x00000000e3300000, 0x00000000e3300000| Complete 

Card table byte_map: [0x0000021e2ff10000,0x0000021e30010000] _byte_map_base: 0x0000021e2f806000

Marking Bits (Prev, Next): (CMBitMap*) 0x0000021e17899290, (CMBitMap*) 0x0000021e17899250
 Prev Bits: [0x0000021e308c0000, 0x0000021e31070000)
 Next Bits: [0x0000021e30110000, 0x0000021e308c0000)

Polling page: 0x0000021e17610000

Metaspace:

Usage:
  Non-class:     26.07 MB used.
      Class:      3.62 MB used.
       Both:     29.69 MB used.

Virtual space:
  Non-class space:       32.00 MB reserved,      26.19 MB ( 82%) committed,  4 nodes.
      Class space:        1.00 GB reserved,       3.81 MB ( <1%) committed,  1 nodes.
              Both:        1.03 GB reserved,      30.00 MB (  3%) committed. 

Chunk freelists:
   Non-Class:  1.44 MB
       Class:  176.00 KB
        Both:  1.61 MB

MaxMetaspaceSize: 17179869184.00 GB
CompressedClassSpaceSize: 1.00 GB
 - commit_granule_bytes: 65536.
 - commit_granule_words: 8192.
 - virtual_space_node_default_size: 1048576.
 - enlarge_chunks_in_place: 1.
 - new_chunks_are_fully_committed: 0.
 - uncommit_free_chunks: 1.
 - use_allocation_guard: 0.
 - handle_deallocations: 1.


Internal statistics:

num_allocs_failed_limit: 3.
num_arena_births: 318.
num_arena_deaths: 0.
num_vsnodes_births: 5.
num_vsnodes_deaths: 0.
num_space_committed: 480.
num_space_uncommitted: 0.
num_chunks_returned_to_freelist: 3.
num_chunks_taken_from_freelist: 1280.
num_chunk_merges: 3.
num_chunk_splits: 862.
num_chunks_enlarged: 658.
num_purges: 0.

CodeHeap 'non-profiled nmethods': size=120000Kb used=1763Kb max_used=1763Kb free=118236Kb
 bounds [0x0000021e282c0000, 0x0000021e28530000, 0x0000021e2f7f0000]
CodeHeap 'profiled nmethods': size=120000Kb used=7983Kb max_used=7983Kb free=112016Kb
 bounds [0x0000021e20d90000, 0x0000021e21560000, 0x0000021e282c0000]
CodeHeap 'non-nmethods': size=5760Kb used=1246Kb max_used=1279Kb free=4513Kb
 bounds [0x0000021e207f0000, 0x0000021e20a60000, 0x0000021e20d90000]
 total_blobs=4198 nmethods=3650 adapters=461
 compilation: enabled
              stopped_count=0, restarted_count=0
 full_count=0

Compilation events (20 events):
Event: 49.429 Thread 0x0000021e335b2f80 3650       3       org.springframework.core.annotation.AnnotationUtils::isCandidateClass (9 bytes)
Event: 49.431 Thread 0x0000021e335b2f80 nmethod 3650 0x0000021e21544610 code [0x0000021e21544820, 0x0000021e21544e38]
Event: 49.431 Thread 0x0000021e335b2f80 3651       3       org.springframework.beans.factory.support.AbstractBeanDefinition::hasPropertyValues (23 bytes)
Event: 49.432 Thread 0x0000021e335b2f80 nmethod 3651 0x0000021e21545090 code [0x0000021e21545240, 0x0000021e215455a8]
Event: 49.441 Thread 0x0000021e335b2f80 3652       3       java.util.ArrayList$SubList::toArray (79 bytes)
Event: 49.443 Thread 0x0000021e335b2f80 nmethod 3652 0x0000021e21545690 code [0x0000021e215458a0, 0x0000021e21545fc8]
Event: 49.443 Thread 0x0000021e335b2f80 3653       3       java.util.ArrayList$SubList::checkForComodification (23 bytes)
Event: 49.444 Thread 0x0000021e335b2f80 nmethod 3653 0x0000021e21546190 code [0x0000021e21546340, 0x0000021e21546568]
Event: 49.460 Thread 0x0000021e335b2f80 3654   !   3       org.springframework.util.ReflectionUtils::doWithLocalFields (84 bytes)
Event: 49.463 Thread 0x0000021e335b2f80 nmethod 3654 0x0000021e21546690 code [0x0000021e21546940, 0x0000021e215474c8]
Event: 49.482 Thread 0x0000021e335b2f80 3655       1       org.springframework.beans.factory.support.RootBeanDefinition::getResolvedFactoryMethod (5 bytes)
Event: 49.482 Thread 0x0000021e335b2f80 nmethod 3655 0x0000021e28478390 code [0x0000021e28478520, 0x0000021e284785f8]
Event: 49.486 Thread 0x0000021e335b2f80 3656   !   3       jdk.proxy2.$Proxy29::annotationType (29 bytes)
Event: 49.487 Thread 0x0000021e335b2f80 nmethod 3656 0x0000021e21547990 code [0x0000021e21547b60, 0x0000021e21547f78]
Event: 49.501 Thread 0x0000021e335b2f80 3657   !   3       org.springframework.util.ConcurrentReferenceHashMap$Segment::restructure (316 bytes)
Event: 49.510 Thread 0x0000021e335b2f80 nmethod 3657 0x0000021e21548110 code [0x0000021e21548500, 0x0000021e2154aaf8]
Event: 49.527 Thread 0x0000021e335b2f80 3658       3       org.springframework.beans.factory.support.AbstractBeanFactory::getType (7 bytes)
Event: 49.528 Thread 0x0000021e335b2f80 nmethod 3658 0x0000021e2154bd10 code [0x0000021e2154bec0, 0x0000021e2154c088]
Event: 49.528 Thread 0x0000021e335b2f80 3659       3       org.springframework.beans.factory.support.AbstractBeanFactory::getType (235 bytes)
Event: 49.533 Thread 0x0000021e335b2f80 nmethod 3659 0x0000021e2154c110 code [0x0000021e2154c4e0, 0x0000021e2154e598]

GC Heap History (20 events):
Event: 8.232 GC heap before
{Heap before GC invocations=0 (full 0):
 garbage-first heap   total 32768K, used 13312K [0x00000000e1400000, 0x0000000100000000)
  region size 1024K, 13 young (13312K), 0 survivors (0K)
 Metaspace       used 3909K, committed 4096K, reserved 1056768K
  class space    used 381K, committed 512K, reserved 1048576K
}
Event: 8.364 GC heap after
{Heap after GC invocations=1 (full 0):
 garbage-first heap   total 32768K, used 4290K [0x00000000e1400000, 0x0000000100000000)
  region size 1024K, 2 young (2048K), 2 survivors (2048K)
 Metaspace       used 3909K, committed 4096K, reserved 1056768K
  class space    used 381K, committed 512K, reserved 1048576K
}
Event: 13.925 GC heap before
{Heap before GC invocations=1 (full 0):
 garbage-first heap   total 32768K, used 13506K [0x00000000e1400000, 0x0000000100000000)
  region size 1024K, 11 young (11264K), 2 survivors (2048K)
 Metaspace       used 6529K, committed 6720K, reserved 1056768K
  class space    used 738K, committed 832K, reserved 1048576K
}
Event: 13.946 GC heap after
{Heap after GC invocations=2 (full 0):
 garbage-first heap   total 32768K, used 5257K [0x00000000e1400000, 0x0000000100000000)
  region size 1024K, 1 young (1024K), 1 survivors (1024K)
 Metaspace       used 6529K, committed 6720K, reserved 1056768K
  class space    used 738K, committed 832K, reserved 1048576K
}
Event: 16.620 GC heap before
{Heap before GC invocations=2 (full 0):
 garbage-first heap   total 32768K, used 14473K [0x00000000e1400000, 0x0000000100000000)
  region size 1024K, 11 young (11264K), 1 survivors (1024K)
 Metaspace       used 9240K, committed 9472K, reserved 1064960K
  class space    used 1113K, committed 1216K, reserved 1048576K
}
Event: 16.642 GC heap after
{Heap after GC invocations=3 (full 0):
 garbage-first heap   total 32768K, used 6008K [0x00000000e1400000, 0x0000000100000000)
  region size 1024K, 2 young (2048K), 2 survivors (2048K)
 Metaspace       used 9240K, committed 9472K, reserved 1064960K
  class space    used 1113K, committed 1216K, reserved 1048576K
}
Event: 18.195 GC heap before
{Heap before GC invocations=3 (full 0):
 garbage-first heap   total 32768K, used 17272K [0x00000000e1400000, 0x0000000100000000)
  region size 1024K, 14 young (14336K), 2 survivors (2048K)
 Metaspace       used 12546K, committed 12800K, reserved 1064960K
  class space    used 1474K, committed 1600K, reserved 1048576K
}
Event: 18.210 GC heap after
{Heap after GC invocations=4 (full 0):
 garbage-first heap   total 32768K, used 6477K [0x00000000e1400000, 0x0000000100000000)
  region size 1024K, 2 young (2048K), 2 survivors (2048K)
 Metaspace       used 12546K, committed 12800K, reserved 1064960K
  class space    used 1474K, committed 1600K, reserved 1048576K
}
Event: 20.448 GC heap before
{Heap before GC invocations=4 (full 0):
 garbage-first heap   total 32768K, used 19789K [0x00000000e1400000, 0x0000000100000000)
  region size 1024K, 15 young (15360K), 2 survivors (2048K)
 Metaspace       used 15511K, committed 15744K, reserved 1064960K
  class space    used 1864K, committed 1984K, reserved 1048576K
}
Event: 20.458 GC heap after
{Heap after GC invocations=5 (full 0):
 garbage-first heap   total 32768K, used 7527K [0x00000000e1400000, 0x0000000100000000)
  region size 1024K, 2 young (2048K), 2 survivors (2048K)
 Metaspace       used 15511K, committed 15744K, reserved 1064960K
  class space    used 1864K, committed 1984K, reserved 1048576K
}
Event: 24.791 GC heap before
{Heap before GC invocations=5 (full 0):
 garbage-first heap   total 32768K, used 20839K [0x00000000e1400000, 0x0000000100000000)
  region size 1024K, 15 young (15360K), 2 survivors (2048K)
 Metaspace       used 16865K, committed 17088K, reserved 1064960K
  class space    used 2027K, committed 2112K, reserved 1048576K
}
Event: 24.812 GC heap after
{Heap after GC invocations=6 (full 0):
 garbage-first heap   total 32768K, used 8055K [0x00000000e1400000, 0x0000000100000000)
  region size 1024K, 1 young (1024K), 1 survivors (1024K)
 Metaspace       used 16865K, committed 17088K, reserved 1064960K
  class space    used 2027K, committed 2112K, reserved 1048576K
}
Event: 29.599 GC heap before
{Heap before GC invocations=6 (full 0):
 garbage-first heap   total 32768K, used 22391K [0x00000000e1400000, 0x0000000100000000)
  region size 1024K, 15 young (15360K), 1 survivors (1024K)
 Metaspace       used 19866K, committed 20160K, reserved 1073152K
  class space    used 2403K, committed 2560K, reserved 1048576K
}
Event: 29.626 GC heap after
{Heap after GC invocations=7 (full 0):
 garbage-first heap   total 32768K, used 9173K [0x00000000e1400000, 0x0000000100000000)
  region size 1024K, 2 young (2048K), 2 survivors (2048K)
 Metaspace       used 19866K, committed 20160K, reserved 1073152K
  class space    used 2403K, committed 2560K, reserved 1048576K
}
Event: 31.631 GC heap before
{Heap before GC invocations=7 (full 0):
 garbage-first heap   total 32768K, used 15317K [0x00000000e1400000, 0x0000000100000000)
  region size 1024K, 9 young (9216K), 2 survivors (2048K)
 Metaspace       used 20979K, committed 21248K, reserved 1073152K
  class space    used 2574K, committed 2752K, reserved 1048576K
}
Event: 31.657 GC heap after
{Heap after GC invocations=8 (full 0):
 garbage-first heap   total 32768K, used 10068K [0x00000000e1400000, 0x0000000100000000)
  region size 1024K, 1 young (1024K), 1 survivors (1024K)
 Metaspace       used 20979K, committed 21248K, reserved 1073152K
  class space    used 2574K, committed 2752K, reserved 1048576K
}
Event: 38.998 GC heap before
{Heap before GC invocations=9 (full 0):
 garbage-first heap   total 32768K, used 23380K [0x00000000e1400000, 0x0000000100000000)
  region size 1024K, 14 young (14336K), 1 survivors (1024K)
 Metaspace       used 24237K, committed 24512K, reserved 1073152K
  class space    used 2939K, committed 3072K, reserved 1048576K
}
Event: 39.021 GC heap after
{Heap after GC invocations=10 (full 0):
 garbage-first heap   total 32768K, used 11149K [0x00000000e1400000, 0x0000000100000000)
  region size 1024K, 2 young (2048K), 2 survivors (2048K)
 Metaspace       used 24237K, committed 24512K, reserved 1073152K
  class space    used 2939K, committed 3072K, reserved 1048576K
}
Event: 43.149 GC heap before
{Heap before GC invocations=10 (full 0):
 garbage-first heap   total 32768K, used 23437K [0x00000000e1400000, 0x0000000100000000)
  region size 1024K, 14 young (14336K), 2 survivors (2048K)
 Metaspace       used 28536K, committed 28928K, reserved 1081344K
  class space    used 3461K, committed 3648K, reserved 1048576K
}
Event: 43.174 GC heap after
{Heap after GC invocations=11 (full 0):
 garbage-first heap   total 32768K, used 13023K [0x00000000e1400000, 0x0000000100000000)
  region size 1024K, 2 young (2048K), 2 survivors (2048K)
 Metaspace       used 28536K, committed 28928K, reserved 1081344K
  class space    used 3461K, committed 3648K, reserved 1048576K
}

Deoptimization events (20 events):
Event: 43.036 Thread 0x0000021e178703a0 DEOPT PACKING pc=0x0000021e2843d5a8 sp=0x000000cf71ffd5f0
Event: 43.036 Thread 0x0000021e178703a0 DEOPT UNPACKING pc=0x0000021e2083d728 sp=0x000000cf71ffd598 mode 2
Event: 44.154 Thread 0x0000021e377b9b40 DEOPT PACKING pc=0x0000021e213bda38 sp=0x000000cf73bf8e30
Event: 44.154 Thread 0x0000021e377b9b40 DEOPT UNPACKING pc=0x0000021e2083deaf sp=0x000000cf73bf8348 mode 0
Event: 45.361 Thread 0x0000021e178703a0 Uncommon trap: trap_request=0xffffff45 fr.pc=0x0000021e283ef1b0 relative=0x0000000000000450
Event: 45.361 Thread 0x0000021e178703a0 Uncommon trap: reason=unstable_if action=reinterpret pc=0x0000021e283ef1b0 method=jdk.internal.org.objectweb.asm.Frame.merge(Ljdk/internal/org/objectweb/asm/SymbolTable;I[II)Z @ 305 c2
Event: 45.361 Thread 0x0000021e178703a0 DEOPT PACKING pc=0x0000021e283ef1b0 sp=0x000000cf71ffd0e0
Event: 45.361 Thread 0x0000021e178703a0 DEOPT UNPACKING pc=0x0000021e2083d728 sp=0x000000cf71ffd060 mode 2
Event: 47.379 Thread 0x0000021e178703a0 Uncommon trap: trap_request=0xffffff45 fr.pc=0x0000021e2832bb94 relative=0x0000000000000d94
Event: 47.380 Thread 0x0000021e178703a0 Uncommon trap: reason=unstable_if action=reinterpret pc=0x0000021e2832bb94 method=jdk.internal.org.objectweb.asm.SymbolTable.put(Ljdk/internal/org/objectweb/asm/SymbolTable$Entry;)Ljdk/internal/org/objectweb/asm/SymbolTable$Entry; @ 13 c2
Event: 47.380 Thread 0x0000021e178703a0 DEOPT PACKING pc=0x0000021e2832bb94 sp=0x000000cf71ffd700
Event: 47.380 Thread 0x0000021e178703a0 DEOPT UNPACKING pc=0x0000021e2083d728 sp=0x000000cf71ffd648 mode 2
Event: 47.755 Thread 0x0000021e178703a0 Uncommon trap: trap_request=0xffffffcc fr.pc=0x0000021e28454150 relative=0x00000000000002b0
Event: 47.755 Thread 0x0000021e178703a0 Uncommon trap: reason=intrinsic_or_type_checked_inlining action=make_not_entrant pc=0x0000021e28454150 method=java.util.Arrays.copyOf([Ljava/lang/Object;ILjava/lang/Class;)[Ljava/lang/Object; @ 35 c2
Event: 47.755 Thread 0x0000021e178703a0 DEOPT PACKING pc=0x0000021e28454150 sp=0x000000cf71ffe1d0
Event: 47.755 Thread 0x0000021e178703a0 DEOPT UNPACKING pc=0x0000021e2083d728 sp=0x000000cf71ffe160 mode 2
Event: 49.323 Thread 0x0000021e178703a0 Uncommon trap: trap_request=0xffffff45 fr.pc=0x0000021e28434434 relative=0x0000000000003934
Event: 49.323 Thread 0x0000021e178703a0 Uncommon trap: reason=unstable_if action=reinterpret pc=0x0000021e28434434 method=org.springframework.beans.factory.support.AbstractBeanFactory.isTypeMatch(Ljava/lang/String;Lorg/springframework/core/ResolvableType;Z)Z @ 559 c2
Event: 49.324 Thread 0x0000021e178703a0 DEOPT PACKING pc=0x0000021e28434434 sp=0x000000cf71ffb190
Event: 49.324 Thread 0x0000021e178703a0 DEOPT UNPACKING pc=0x0000021e2083d728 sp=0x000000cf71ffb198 mode 2

Classes unloaded (0 events):
No events

Classes redefined (0 events):
No events

Internal exceptions (20 events):
Event: 31.972 Thread 0x0000021e178703a0 Exception <a 'java/lang/NoSuchMethodError'{0x00000000e33c3ae0}: 'java.lang.Object java.lang.invoke.DirectMethodHandle$Holder.invokeStaticInit(java.lang.Object, int, int, int, int)'> (0x00000000e33c3ae0) 
thrown [t:\workspace\open\src\hotspot\share\interpreter\linkResolver.cpp, line 790]
Event: 32.908 Thread 0x0000021e178703a0 Exception <a 'java/lang/NoSuchMethodError'{0x00000000e33fcdf0}: 'java.lang.Object java.lang.invoke.DirectMethodHandle$Holder.invokeStaticInit(java.lang.Object, java.lang.Object, int, int, int, int)'> (0x00000000e33fcdf0) 
thrown [t:\workspace\open\src\hotspot\share\interpreter\linkResolver.cpp, line 790]
Event: 35.253 Thread 0x0000021e178703a0 Implicit null exception at 0x0000021e28360e40 to 0x0000021e283622d8
Event: 36.161 Thread 0x0000021e178703a0 Exception <a 'java/io/FileNotFoundException'{0x00000000e29f2cc8}> (0x00000000e29f2cc8) 
thrown [t:\workspace\open\src\hotspot\share\prims\jni.cpp, line 579]
Event: 36.447 Thread 0x0000021e178703a0 Exception <a 'java/lang/NoSuchMethodError'{0x00000000e28d5f00}: 'int java.lang.invoke.DirectMethodHandle$Holder.invokeInterface(java.lang.Object, java.lang.Object, java.lang.Object, java.lang.Object)'> (0x00000000e28d5f00) 
thrown [t:\workspace\open\src\hotspot\share\interpreter\linkResolver.cpp, line 790]
Event: 38.836 Thread 0x0000021e178703a0 Exception <a 'java/io/FileNotFoundException'{0x00000000e26b2e50}> (0x00000000e26b2e50) 
thrown [t:\workspace\open\src\hotspot\share\prims\jni.cpp, line 579]
Event: 39.530 Thread 0x0000021e178703a0 Exception <a 'sun/nio/fs/WindowsException'{0x00000000e32d76d8}> (0x00000000e32d76d8) 
thrown [t:\workspace\open\src\hotspot\share\prims\jni.cpp, line 579]
Event: 39.724 Thread 0x0000021e178703a0 Exception <a 'java/lang/NoSuchMethodError'{0x00000000e32fd558}: 'int java.lang.invoke.DirectMethodHandle$Holder.invokeStaticInit(java.lang.Object, java.lang.Object, java.lang.Object, java.lang.Object)'> (0x00000000e32fd558) 
thrown [t:\workspace\open\src\hotspot\share\interpreter\linkResolver.cpp, line 790]
Event: 42.286 Thread 0x0000021e178703a0 Exception <a 'java/lang/NoSuchMethodError'{0x00000000e2bd69b0}: 'void java.lang.invoke.DirectMethodHandle$Holder.invokeVirtual(java.lang.Object, java.lang.Object, int)'> (0x00000000e2bd69b0) 
thrown [t:\workspace\open\src\hotspot\share\interpreter\linkResolver.cpp, line 790]
Event: 42.474 Thread 0x0000021e178703a0 Exception <a 'java/lang/NoSuchMethodError'{0x00000000e2ac0328}: 'void java.lang.invoke.DirectMethodHandle$Holder.invokeVirtual(java.lang.Object, java.lang.Object, long)'> (0x00000000e2ac0328) 
thrown [t:\workspace\open\src\hotspot\share\interpreter\linkResolver.cpp, line 790]
Event: 48.817 Thread 0x0000021e178703a0 Exception <a 'java/lang/ClassNotFoundException'{0x00000000e2ffdaf0}: java/lang/ObjectCustomizer> (0x00000000e2ffdaf0) 
thrown [t:\workspace\open\src\hotspot\share\classfile\systemDictionary.cpp, line 256]
Event: 48.823 Thread 0x0000021e178703a0 Exception <a 'java/lang/ClassNotFoundException'{0x00000000e2e04128}: org/springframework/web/servlet/config/annotation/WebMvcConfigurationSupportCustomizer> (0x00000000e2e04128) 
thrown [t:\workspace\open\src\hotspot\share\classfile\systemDictionary.cpp, line 256]
Event: 48.833 Thread 0x0000021e178703a0 Exception <a 'java/lang/ClassNotFoundException'{0x00000000e2e163b0}: org/springframework/web/servlet/config/annotation/DelegatingWebMvcConfigurationCustomizer> (0x00000000e2e163b0) 
thrown [t:\workspace\open\src\hotspot\share\classfile\systemDictionary.cpp, line 256]
Event: 48.838 Thread 0x0000021e178703a0 Exception <a 'java/lang/ClassNotFoundException'{0x00000000e2e1dcf8}: org/springframework/boot/autoconfigure/web/servlet/WebMvcAutoConfiguration$EnableWebMvcConfigurationCustomizer> (0x00000000e2e1dcf8) 
thrown [t:\workspace\open\src\hotspot\share\classfile\systemDictionary.cpp, line 256]
Event: 48.885 Thread 0x0000021e178703a0 Exception <a 'java/lang/ClassNotFoundException'{0x00000000e2e30a90}: org/springframework/context/ResourceLoaderAwareCustomizer> (0x00000000e2e30a90) 
thrown [t:\workspace\open\src\hotspot\share\classfile\systemDictionary.cpp, line 256]
Event: 48.888 Thread 0x0000021e178703a0 Exception <a 'java/lang/ClassNotFoundException'{0x00000000e2e34108}: org/springframework/beans/factory/AwareCustomizer> (0x00000000e2e34108) 
thrown [t:\workspace\open\src\hotspot\share\classfile\systemDictionary.cpp, line 256]
Event: 48.890 Thread 0x0000021e178703a0 Exception <a 'java/lang/ClassNotFoundException'{0x00000000e2e36cf0}: org/springframework/context/ApplicationContextAwareCustomizer> (0x00000000e2e36cf0) 
thrown [t:\workspace\open\src\hotspot\share\classfile\systemDictionary.cpp, line 256]
Event: 48.898 Thread 0x0000021e178703a0 Exception <a 'java/lang/ClassNotFoundException'{0x00000000e2e3af38}: org/springframework/beans/factory/AwareCustomizer> (0x00000000e2e3af38) 
thrown [t:\workspace\open\src\hotspot\share\classfile\systemDictionary.cpp, line 256]
Event: 48.901 Thread 0x0000021e178703a0 Exception <a 'java/lang/ClassNotFoundException'{0x00000000e2e3d8a8}: org/springframework/web/context/ServletContextAwareCustomizer> (0x00000000e2e3d8a8) 
thrown [t:\workspace\open\src\hotspot\share\classfile\systemDictionary.cpp, line 256]
Event: 48.904 Thread 0x0000021e178703a0 Exception <a 'java/lang/ClassNotFoundException'{0x00000000e2e41378}: org/springframework/beans/factory/AwareCustomizer> (0x00000000e2e41378) 
thrown [t:\workspace\open\src\hotspot\share\classfile\systemDictionary.cpp, line 256]

Events (20 events):
Event: 48.816 loading class java/lang/ObjectCustomizer
Event: 48.816 loading class java/lang/ObjectCustomizer done
Event: 49.045 loading class java/util/ArrayList$ListItr
Event: 49.049 loading class java/util/ArrayList$ListItr done
Event: 49.051 Executing  VM operation: HandshakeAllThreads
Event: 49.051 Executing  VM operation: HandshakeAllThreads done
Event: 49.248 loading class java/util/concurrent/Flow$Publisher
Event: 49.249 loading class java/util/concurrent/Flow$Publisher done
Event: 49.352 Executing  VM operation: HandshakeAllThreads
Event: 49.352 Executing  VM operation: HandshakeAllThreads done
Event: 49.352 Executing  VM operation: Cleanup
Event: 49.352 Executing  VM operation: Cleanup done
Event: 49.423 loading class java/util/EnumMap$EntrySet
Event: 49.424 loading class java/util/EnumMap$EntrySet done
Event: 49.425 loading class java/util/EnumMap$EntryIterator
Event: 49.425 loading class java/util/EnumMap$EnumMapIterator
Event: 49.426 loading class java/util/EnumMap$EnumMapIterator done
Event: 49.426 loading class java/util/EnumMap$EntryIterator done
Event: 49.541 loading class java/lang/SafeVarargs
Event: 49.543 loading class java/lang/SafeVarargs done


Dynamic libraries:
0x00007ff7ab9d0000 - 0x00007ff7ab9e0000 	C:\Program Files\Java\jdk-16.0.1\bin\java.exe
0x00007fffd65e0000 - 0x00007fffd67d0000 	C:\WINDOWS\SYSTEM32\ntdll.dll
0x00007fffd6460000 - 0x00007fffd6512000 	C:\WINDOWS\System32\KERNEL32.DLL
0x00007fffd4080000 - 0x00007fffd4322000 	C:\WINDOWS\System32\KERNELBASE.dll
0x00007fffd4570000 - 0x00007fffd466a000 	C:\WINDOWS\System32\ucrtbase.dll
0x00007fffcb1f0000 - 0x00007fffcb209000 	C:\Program Files\Java\jdk-16.0.1\bin\VCRUNTIME140.dll
0x00007fffcb2b0000 - 0x00007fffcb2c8000 	C:\Program Files\Java\jdk-16.0.1\bin\jli.dll
0x00007fffd5d00000 - 0x00007fffd5da3000 	C:\WINDOWS\System32\ADVAPI32.dll
0x00007fffd5f90000 - 0x00007fffd602e000 	C:\WINDOWS\System32\msvcrt.dll
0x00007fffd5360000 - 0x00007fffd53f7000 	C:\WINDOWS\System32\sechost.dll
0x00007fffd5400000 - 0x00007fffd5520000 	C:\WINDOWS\System32\RPCRT4.dll
0x00007fffd61f0000 - 0x00007fffd6383000 	C:\WINDOWS\System32\USER32.dll
0x00007fffd3f50000 - 0x00007fffd3f71000 	C:\WINDOWS\System32\win32u.dll
0x00007fffd5f60000 - 0x00007fffd5f86000 	C:\WINDOWS\System32\GDI32.dll
0x00007fffd4330000 - 0x00007fffd44c4000 	C:\WINDOWS\System32\gdi32full.dll
0x00007fffd44d0000 - 0x00007fffd456e000 	C:\WINDOWS\System32\msvcp_win.dll
0x00007fffc1e70000 - 0x00007fffc20f5000 	C:\WINDOWS\WinSxS\amd64_microsoft.windows.common-controls_6595b64144ccf1df_6.0.18362.30_none_a1435978519dce7f\COMCTL32.dll
0x00007fffd5710000 - 0x00007fffd5a46000 	C:\WINDOWS\System32\combase.dll
0x00007fffd3ff0000 - 0x00007fffd4071000 	C:\WINDOWS\System32\bcryptPrimitives.dll
0x00007fffc56b0000 - 0x00007fffc56ba000 	C:\WINDOWS\SYSTEM32\VERSION.dll
0x00007fffd5ae0000 - 0x00007fffd5b0e000 	C:\WINDOWS\System32\IMM32.DLL
0x00007fffd1190000 - 0x00007fffd119c000 	C:\Program Files\Java\jdk-16.0.1\bin\vcruntime140_1.dll
0x00007fffbec20000 - 0x00007fffbecb1000 	C:\Program Files\Java\jdk-16.0.1\bin\msvcp140.dll
0x00007fff8ecc0000 - 0x00007fff8f86b000 	C:\Program Files\Java\jdk-16.0.1\bin\server\jvm.dll
0x00007fffd6590000 - 0x00007fffd6598000 	C:\WINDOWS\System32\PSAPI.DLL
0x00007fffd1130000 - 0x00007fffd1139000 	C:\WINDOWS\SYSTEM32\WSOCK32.dll
0x00007fffd5a70000 - 0x00007fffd5adf000 	C:\WINDOWS\System32\WS2_32.dll
0x00007fffd0c50000 - 0x00007fffd0c74000 	C:\WINDOWS\SYSTEM32\WINMM.dll
0x00007fffd0c20000 - 0x00007fffd0c4d000 	C:\WINDOWS\SYSTEM32\WINMMBASE.dll
0x00007fffd3f80000 - 0x00007fffd3fca000 	C:\WINDOWS\System32\cfgmgr32.dll
0x00007fffd3500000 - 0x00007fffd3511000 	C:\WINDOWS\System32\kernel.appcore.dll
0x00007fffcb2a0000 - 0x00007fffcb2aa000 	C:\Program Files\Java\jdk-16.0.1\bin\jimage.dll
0x00007fffd1e10000 - 0x00007fffd2004000 	C:\WINDOWS\SYSTEM32\DBGHELP.DLL
0x00007fffc2c20000 - 0x00007fffc2c4a000 	C:\WINDOWS\SYSTEM32\dbgcore.DLL
0x00007fffcab60000 - 0x00007fffcab6e000 	C:\Program Files\Java\jdk-16.0.1\bin\instrument.dll
0x00007fffcb1c0000 - 0x00007fffcb1e5000 	C:\Program Files\Java\jdk-16.0.1\bin\java.dll
0x00007fffd46a0000 - 0x00007fffd4d80000 	C:\WINDOWS\System32\SHELL32.dll
0x00007fffd5bf0000 - 0x00007fffd5c99000 	C:\WINDOWS\System32\shcore.dll
0x00007fffd37d0000 - 0x00007fffd3f4b000 	C:\WINDOWS\System32\windows.storage.dll
0x00007fffd34c0000 - 0x00007fffd34df000 	C:\WINDOWS\System32\profapi.dll
0x00007fffd3520000 - 0x00007fffd356a000 	C:\WINDOWS\System32\powrprof.dll
0x00007fffd34b0000 - 0x00007fffd34c0000 	C:\WINDOWS\System32\UMPDC.dll
0x00007fffd5ca0000 - 0x00007fffd5cf2000 	C:\WINDOWS\System32\shlwapi.dll
0x00007fffd3fd0000 - 0x00007fffd3fe7000 	C:\WINDOWS\System32\cryptsp.dll
0x00007fffc8b50000 - 0x00007fffc8b68000 	C:\Program Files\Java\jdk-16.0.1\bin\zip.dll
0x00007fffcac70000 - 0x00007fffcac89000 	C:\Program Files\Java\jdk-16.0.1\bin\net.dll
0x00007fffce0a0000 - 0x00007fffce18f000 	C:\WINDOWS\SYSTEM32\WINHTTP.dll
0x00007fffd2cc0000 - 0x00007fffd2d27000 	C:\WINDOWS\system32\mswsock.dll
0x00007fffcac50000 - 0x00007fffcac63000 	C:\Program Files\Java\jdk-16.0.1\bin\nio.dll
0x00007fffc8b30000 - 0x00007fffc8b4a000 	D:\Gersov\AppData\Local\JetBrains\IntelliJ IDEA Community Edition 2021.1.3\bin\breakgen64.dll
0x00007fffcab30000 - 0x00007fffcab40000 	C:\Program Files\Java\jdk-16.0.1\bin\verify.dll
0x00007fffc8c70000 - 0x00007fffc8c79000 	C:\Program Files\Java\jdk-16.0.1\bin\management.dll
0x00007fffc8b20000 - 0x00007fffc8b2b000 	C:\Program Files\Java\jdk-16.0.1\bin\management_ext.dll
0x00007fffbdd60000 - 0x00007fffbdd76000 	C:\WINDOWS\system32\napinsp.dll
0x00007fffbdc30000 - 0x00007fffbdc4a000 	C:\WINDOWS\system32\pnrpnsp.dll
0x00007fffbdd40000 - 0x00007fffbdd55000 	C:\WINDOWS\system32\wshbth.dll
0x00007fffcf950000 - 0x00007fffcf96c000 	C:\WINDOWS\system32\NLAapi.dll
0x00007fffd2a20000 - 0x00007fffd2a5a000 	C:\WINDOWS\SYSTEM32\IPHLPAPI.DLL
0x00007fffd2a60000 - 0x00007fffd2b2a000 	C:\WINDOWS\SYSTEM32\DNSAPI.dll
0x00007fffd5680000 - 0x00007fffd5688000 	C:\WINDOWS\System32\NSI.dll
0x00007fffbdd30000 - 0x00007fffbdd3e000 	C:\WINDOWS\System32\winrnr.dll
0x00007fffc9c00000 - 0x00007fffc9c0a000 	C:\Windows\System32\rasadhlp.dll
0x00007fffc9a40000 - 0x00007fffc9ab7000 	C:\WINDOWS\System32\fwpuclnt.dll
0x00007fffd4670000 - 0x00007fffd4696000 	C:\WINDOWS\System32\bcrypt.dll
0x00007fffd2880000 - 0x00007fffd28b3000 	C:\WINDOWS\system32\rsaenh.dll
0x00007fffd33d0000 - 0x00007fffd33f5000 	C:\WINDOWS\SYSTEM32\USERENV.dll
0x00007fffd2e90000 - 0x00007fffd2e9c000 	C:\WINDOWS\SYSTEM32\CRYPTBASE.dll
0x00007fffca230000 - 0x00007fffca246000 	C:\WINDOWS\SYSTEM32\dhcpcsvc6.DLL
0x00007fffca1a0000 - 0x00007fffca1bc000 	C:\WINDOWS\SYSTEM32\dhcpcsvc.DLL
0x00007fffc8b10000 - 0x00007fffc8b1e000 	C:\Program Files\Java\jdk-16.0.1\bin\sunmscapi.dll
0x00007fffd3570000 - 0x00007fffd36b9000 	C:\WINDOWS\System32\CRYPT32.dll
0x00007fffd34e0000 - 0x00007fffd34f2000 	C:\WINDOWS\System32\MSASN1.dll
0x00007fffd2ff0000 - 0x00007fffd3016000 	C:\WINDOWS\SYSTEM32\ncrypt.dll
0x00007fffd2fb0000 - 0x00007fffd2feb000 	C:\WINDOWS\SYSTEM32\NTASN1.dll

dbghelp: loaded successfully - version: 4.0.5 - missing functions: none
symbol engine: initialized successfully - sym options: 0x614 - pdb path: .;C:\Program Files\Java\jdk-16.0.1\bin;C:\WINDOWS\SYSTEM32;C:\WINDOWS\WinSxS\amd64_microsoft.windows.common-controls_6595b64144ccf1df_6.0.18362.30_none_a1435978519dce7f;C:\Program Files\Java\jdk-16.0.1\bin\server;D:\Gersov\AppData\Local\JetBrains\IntelliJ IDEA Community Edition 2021.1.3\bin

VM Arguments:
jvm_args: -javaagent:D:\Gersov\AppData\Local\JetBrains\IntelliJ IDEA Community Edition 2021.1.3\lib\idea_rt.jar=64154:D:\Gersov\AppData\Local\JetBrains\IntelliJ IDEA Community Edition 2021.1.3\bin -Dfile.encoding=UTF-8 
java_command: com.calculator.math.CalculatorApplication
java_class_path (initial): C:\Users\Gersov\Desktop\Challenge\calculator\target\classes;C:\Users\Gersov\.m2\repository\org\springframework\amqp\spring-rabbit\2.3.10\spring-rabbit-2.3.10.jar;C:\Users\Gersov\.m2\repository\org\springframework\amqp\spring-amqp\2.3.10\spring-amqp-2.3.10.jar;C:\Users\Gersov\.m2\repository\org\springframework\retry\spring-retry\1.3.1\spring-retry-1.3.1.jar;C:\Users\Gersov\.m2\repository\javax\annotation\javax.annotation-api\1.3.2\javax.annotation-api-1.3.2.jar;C:\Users\Gersov\.m2\repository\com\rabbitmq\amqp-client\5.12.0\amqp-client-5.12.0.jar;C:\Users\Gersov\.m2\repository\org\slf4j\slf4j-api\1.7.32\slf4j-api-1.7.32.jar;C:\Users\Gersov\.m2\repository\org\springframework\spring-context\5.3.9\spring-context-5.3.9.jar;C:\Users\Gersov\.m2\repository\org\springframework\spring-aop\5.3.9\spring-aop-5.3.9.jar;C:\Users\Gersov\.m2\repository\org\springframework\spring-beans\5.3.9\spring-beans-5.3.9.jar;C:\Users\Gersov\.m2\repository\org\springframework\spring-expression\5.3.9\spring-expression-5.3.9.jar;C:\Users\Gersov\.m2\repository\org\springframework\spring-messaging\5.3.9\spring-messaging-5.3.9.jar;C:\Users\Gersov\.m2\repository\org\springframework\spring-tx\5.3.9\spring-tx-5.3.9.jar;C:\Users\Gersov\.m2\repository\org\springframework\boot\spring-boot-starter\2.5.3\spring-boot-starter-2.5.3.jar;C:\Users\Gersov\.m2\repository\org\springframework\boot\spring-boot\2.5.3\spring-boot-2.5.3.jar;C:\Users\Gersov\.m2\repository\org\springframework\boot\spring-boot-autoconfigure\2.5.3\spring-boot-autoconfigure-2.5.3.jar;C:\Users\Gersov\.m2\repository\org\springframework\boot\spring-boot-starter-logging\2.5.3\spring-boot-starter-logging-2.5.3.jar;C:\Users\Gersov\.m2\repository\ch\qos\logback\logback-classic\1.2.4\logback-classic-1.2.4.jar;C:\Users\Gersov\.m2\repository\ch\qos\logback\logback-core\1.2.4\logback-core-1.2.4.jar;C:\Users\Gersov\.m2\repository\org\apache\logging\log4j\log4j-to-slf4j\2.14.1\log4j-to-slf4j-2.14.1.jar;C:\Users\Gersov\.m2\repos
Launcher Type: SUN_STANDARD

[Global flags]
     intx CICompilerCount                          = 3                                         {product} {ergonomic}
     uint ConcGCThreads                            = 1                                         {product} {ergonomic}
     uint G1ConcRefinementThreads                  = 4                                         {product} {ergonomic}
   size_t G1HeapRegionSize                         = 1048576                                   {product} {ergonomic}
    uintx GCDrainStackTargetSize                   = 64                                        {product} {ergonomic}
   size_t InitialHeapSize                          = 33554432                                  {product} {ergonomic}
   size_t MarkStackSize                            = 4194304                                   {product} {ergonomic}
   size_t MaxHeapSize                              = 515899392                                 {product} {ergonomic}
   size_t MaxNewSize                               = 309329920                                 {product} {ergonomic}
   size_t MinHeapDeltaBytes                        = 1048576                                   {product} {ergonomic}
   size_t MinHeapSize                              = 8388608                                   {product} {ergonomic}
    uintx NonNMethodCodeHeapSize                   = 5832780                                {pd product} {ergonomic}
    uintx NonProfiledCodeHeapSize                  = 122912730                              {pd product} {ergonomic}
    uintx ProfiledCodeHeapSize                     = 122912730                              {pd product} {ergonomic}
    uintx ReservedCodeCacheSize                    = 251658240                              {pd product} {ergonomic}
     bool SegmentedCodeCache                       = true                                      {product} {ergonomic}
   size_t SoftMaxHeapSize                          = 515899392                              {manageable} {ergonomic}
     bool UseCompressedClassPointers               = true                           {product lp64_product} {ergonomic}
     bool UseCompressedOops                        = true                           {product lp64_product} {ergonomic}
     bool UseG1GC                                  = true                                      {product} {ergonomic}
     bool UseLargePagesIndividualAllocation        = false                                  {pd product} {ergonomic}

Logging:
Log output configuration:
 #0: stdout all=warning uptime,level,tags
 #1: stderr all=off uptime,level,tags

Environment Variables:
PATH=C:\Program Files\Common Files\Oracle\Java\javapath;C:\Users\Gersov\AppData\Local\Programs\Python\Python39\Scripts\;C:\Users\Gersov\AppData\Local\Programs\Python\Python39\;C:\Python39\Scripts\;C:\Python39\;C:\WINDOWS\system32;C:\WINDOWS;C:\WINDOWS\System32\Wbem;C:\WINDOWS\System32\WindowsPowerShell\v1.0\;C:\WINDOWS\System32\OpenSSH\;C:\Program Files\nodejs\;C:\ProgramData\chocolatey\bin;D:\Program Files\Git\cmd;C:\WINDOWS\system32\config\systemprofile;C:\Users\Gersov\AppData\Local\Microsoft\WindowsApps;C:\Users\Gersov\AppData\Roaming\npm;D:\Gersov\AppData\Local\Programs\Microsoft VS Code\bin;C:\WINDOWS\system32\config\systemprofile;
USERNAME=Gersov
OS=Windows_NT
PROCESSOR_IDENTIFIER=Intel64 Family 6 Model 76 Stepping 4, GenuineIntel



---------------  S Y S T E M  ---------------

OS:
 Windows 10 , 64 bit Build 18362 (10.0.18362.1)
OS uptime: 0 days 7:04 hours

CPU: total 4 (initial active 4) (4 cores per cpu, 1 threads per core) family 6 model 76 stepping 4 microcode 0x410, cx8, cmov, fxsr, mmx, 3dnowpref, sse, sse2, sse3, ssse3, sse4.1, sse4.2, popcnt, tsc, tscinvbit, aes, erms, clmul, clflush

Memory: 4k page, system-wide physical 1962M (276M free)
TotalPageFile size 5608M (AvailPageFile size 5M)
current process WorkingSet (physical memory assigned to process): 84M, peak: 95M
current process commit charge ("private bytes"): 166M, peak: 168M

vm_info: Java HotSpot(TM) 64-Bit Server VM (16.0.1+9-24) for windows-amd64 JRE (16.0.1+9-24), built on Mar 26 2021 19:31:42 by "mach5one" with MS VC++ 16.7 (VS2019)

END.
