#
# There is insufficient memory for the Java Runtime Environment to continue.
# Native memory allocation (malloc) failed to allocate 2029472 bytes for Chunk::new
# Possible reasons:
#   The system is out of physical RAM or swap space
#   The process is running with CompressedOops enabled, and the Java Heap may be blocking the growth of the native heap
# Possible solutions:
#   Reduce memory load on the system
#   Increase physical memory or swap space
#   Check if swap backing store is full
#   Decrease Java heap size (-Xmx/-Xms)
#   Decrease number of Java threads
#   Decrease Java thread stack sizes (-Xss)
#   Set larger code cache with -XX:ReservedCodeCacheSize=
#   JVM is running with Unscaled Compressed Oops mode in which the Java heap is
#     placed in the first 4GB address space. The Java Heap base address is the
#     maximum limit for the native heap growth. Please use -XX:HeapBaseMinAddress
#     to set the Java Heap base and to place the Java Heap above 4GB virtual address.
# This output file may be truncated or incomplete.
#
#  Out of Memory Error (arena.cpp:195), pid=5260, tid=7604
#
# JRE version: Java(TM) SE Runtime Environment (16.0.1+9) (build 16.0.1+9-24)
# Java VM: Java HotSpot(TM) 64-Bit Server VM (16.0.1+9-24, mixed mode, sharing, tiered, compressed oops, compressed class ptrs, g1 gc, windows-amd64)
# No core dump will be written. Minidumps are not enabled by default on client versions of Windows
#

---------------  S U M M A R Y ------------

Command Line: -javaagent:D:\Gersov\AppData\Local\JetBrains\IntelliJ IDEA Community Edition 2021.1.3\lib\idea_rt.jar=59998:D:\Gersov\AppData\Local\JetBrains\IntelliJ IDEA Community Edition 2021.1.3\bin -Dfile.encoding=UTF-8 com.calculator.math.CalculatorApplication

Host: Intel(R) Atom(TM) x5-Z8350  CPU @ 1.44GHz, 4 cores, 1G,  Windows 10 , 64 bit Build 18362 (10.0.18362.1)
Time: Tue Jul 27 16:37:52 2021 South Africa Standard Time elapsed time: 36.479301 seconds (0d 0h 0m 36s)

---------------  T H R E A D  ---------------

Current thread (0x000001cd69104240):  JavaThread "C2 CompilerThread0" daemon [_thread_in_native, id=7604, stack(0x000000bf52500000,0x000000bf52600000)]


Current CompileTask:
C2:  36480 3013       4       org.springframework.boot.context.properties.source.ConfigurationPropertyName$ElementsParser::parse (234 bytes)

Stack: [0x000000bf52500000,0x000000bf52600000]
Native frames: (J=compiled Java code, j=interpreted, Vv=VM code, C=native code)
V  [jvm.dll+0x6687ca]
V  [jvm.dll+0x7ca3c9]
V  [jvm.dll+0x7cbb53]
V  [jvm.dll+0x7cc1b3]
V  [jvm.dll+0x242ea5]
V  [jvm.dll+0xadeca]
V  [jvm.dll+0xae5ac]
V  [jvm.dll+0x35af27]
V  [jvm.dll+0x3253d1]
V  [jvm.dll+0x32487a]
V  [jvm.dll+0x215f3c]
V  [jvm.dll+0x215350]
V  [jvm.dll+0x1a1d9b]
V  [jvm.dll+0x2253a8]
V  [jvm.dll+0x2233ec]
V  [jvm.dll+0x780002]
V  [jvm.dll+0x779b4a]
V  [jvm.dll+0x667666]
C  [ucrtbase.dll+0x1d912]
C  [KERNEL32.DLL+0x17944]
C  [ntdll.dll+0x6ce71]


---------------  P R O C E S S  ---------------

Threads class SMR info:
_java_thread_list=0x000001cd6bf8a6d0, length=13, elements={
0x000001cd4d3d2ee0, 0x000001cd690ec430, 0x000001cd690ee210, 0x000001cd690fb1b0,
0x000001cd690fbac0, 0x000001cd690fc3d0, 0x000001cd690fcce0, 0x000001cd69104240,
0x000001cd6910ec60, 0x000001cd69121990, 0x000001cd4d48e6a0, 0x000001cd69e1fe20,
0x000001cd69e09660
}

Java Threads: ( => current thread )
  0x000001cd4d3d2ee0 JavaThread "main" [_thread_in_native, id=7624, stack(0x000000bf51800000,0x000000bf51900000)]
  0x000001cd690ec430 JavaThread "Reference Handler" daemon [_thread_blocked, id=7884, stack(0x000000bf51f00000,0x000000bf52000000)]
  0x000001cd690ee210 JavaThread "Finalizer" daemon [_thread_blocked, id=4612, stack(0x000000bf52000000,0x000000bf52100000)]
  0x000001cd690fb1b0 JavaThread "Signal Dispatcher" daemon [_thread_blocked, id=6864, stack(0x000000bf52100000,0x000000bf52200000)]
  0x000001cd690fbac0 JavaThread "Attach Listener" daemon [_thread_blocked, id=5832, stack(0x000000bf52200000,0x000000bf52300000)]
  0x000001cd690fc3d0 JavaThread "Service Thread" daemon [_thread_blocked, id=5556, stack(0x000000bf52300000,0x000000bf52400000)]
  0x000001cd690fcce0 JavaThread "Monitor Deflation Thread" daemon [_thread_blocked, id=4912, stack(0x000000bf52400000,0x000000bf52500000)]
=>0x000001cd69104240 JavaThread "C2 CompilerThread0" daemon [_thread_in_native, id=7604, stack(0x000000bf52500000,0x000000bf52600000)]
  0x000001cd6910ec60 JavaThread "C1 CompilerThread0" daemon [_thread_blocked, id=3972, stack(0x000000bf52600000,0x000000bf52700000)]
  0x000001cd69121990 JavaThread "Sweeper thread" daemon [_thread_blocked, id=9196, stack(0x000000bf52700000,0x000000bf52800000)]
  0x000001cd4d48e6a0 JavaThread "Common-Cleaner" daemon [_thread_blocked, id=2136, stack(0x000000bf52800000,0x000000bf52900000)]
  0x000001cd69e1fe20 JavaThread "Monitor Ctrl-Break" daemon [_thread_in_native, id=1488, stack(0x000000bf52900000,0x000000bf52a00000)]
  0x000001cd69e09660 JavaThread "Notification Thread" daemon [_thread_blocked, id=1020, stack(0x000000bf52a00000,0x000000bf52b00000)]

Other Threads:
  0x000001cd690e79c0 VMThread "VM Thread" [stack: 0x000000bf51e00000,0x000000bf51f00000] [id=5200]
  0x000001cd69cf9a50 WatcherThread [stack: 0x000000bf52b00000,0x000000bf52c00000] [id=6128]
  0x000001cd4d3fb1b0 GCTaskThread "GC Thread#0" [stack: 0x000000bf51900000,0x000000bf51a00000] [id=3240]
  0x000001cd6a4c6d30 GCTaskThread "GC Thread#1" [stack: 0x000000bf52c00000,0x000000bf52d00000] [id=4492]
  0x000001cd6a4e22c0 GCTaskThread "GC Thread#2" [stack: 0x000000bf52d00000,0x000000bf52e00000] [id=7492]
  0x000001cd6a4e25d0 GCTaskThread "GC Thread#3" [stack: 0x000000bf52e00000,0x000000bf52f00000] [id=4460]
  0x000001cd4d400e90 ConcurrentGCThread "G1 Main Marker" [stack: 0x000000bf51a00000,0x000000bf51b00000] [id=6448]
  0x000001cd4d401fb0 ConcurrentGCThread "G1 Conc#0" [stack: 0x000000bf51b00000,0x000000bf51c00000] [id=640]
  0x000001cd4d43b690 ConcurrentGCThread "G1 Refine#0" [stack: 0x000000bf51c00000,0x000000bf51d00000] [id=1964]
  0x000001cd6a564430 ConcurrentGCThread "G1 Refine#1" [stack: 0x000000bf52f00000,0x000000bf53000000] [id=6620]
  0x000001cd4d43c830 ConcurrentGCThread "G1 Service" [stack: 0x000000bf51d00000,0x000000bf51e00000] [id=3568]

Threads with active compile tasks:
C2 CompilerThread0    36792 3013       4       org.springframework.boot.context.properties.source.ConfigurationPropertyName$ElementsParser::parse (234 bytes)

VM state: not at safepoint (normal execution)

VM Mutex/Monitor currently owned by a thread: None

Heap address: 0x00000000e1400000, size: 492 MB, Compressed Oops mode: 32-bit

CDS archive(s) mapped at: [0x0000000800000000-0x0000000800bb0000-0x0000000800bb0000), size 12255232, SharedBaseAddress: 0x0000000800000000, ArchiveRelocationMode: 0.
Compressed class space mapped at: 0x0000000800c00000-0x0000000840c00000, reserved size: 1073741824
Narrow klass base: 0x0000000800000000, Narrow klass shift: 3, Narrow klass range: 0x100000000

GC Precious Log:
 CPUs: 4 total, 4 available
 Memory: 1962M
 Large Page Support: Disabled
 NUMA Support: Disabled
 Compressed Oops: Enabled (32-bit)
 Heap Region Size: 1M
 Heap Min Capacity: 8M
 Heap Initial Capacity: 32M
 Heap Max Capacity: 492M
 Pre-touch: Disabled
 Parallel Workers: 4
 Concurrent Workers: 1
 Concurrent Refinement Workers: 4
 Periodic GC: Disabled

Heap:
 garbage-first heap   total 32768K, used 10143K [0x00000000e1400000, 0x0000000100000000)
  region size 1024K, 2 young (2048K), 1 survivors (1024K)
 Metaspace       used 21570K, committed 21888K, reserved 1073152K
  class space    used 2653K, committed 2816K, reserved 1048576K

Heap Regions: E=young(eden), S=young(survivor), O=old, HS=humongous(starts), HC=humongous(continues), CS=collection set, F=free, OA=open archive, CA=closed archive, TAMS=top-at-mark-start (previous, next)
|   0|0x00000000e1400000, 0x00000000e1500000, 0x00000000e1500000|100%| O|  |TAMS 0x00000000e1500000, 0x00000000e1400000| Untracked 
|   1|0x00000000e1500000, 0x00000000e1600000, 0x00000000e1600000|100%| O|  |TAMS 0x00000000e1600000, 0x00000000e1500000| Untracked 
|   2|0x00000000e1600000, 0x00000000e1700000, 0x00000000e1700000|100%| O|  |TAMS 0x00000000e1700000, 0x00000000e1600000| Untracked 
|   3|0x00000000e1700000, 0x00000000e1800000, 0x00000000e1800000|100%| O|  |TAMS 0x00000000e1800000, 0x00000000e1700000| Untracked 
|   4|0x00000000e1800000, 0x00000000e1900000, 0x00000000e1900000|100%| O|  |TAMS 0x00000000e1900000, 0x00000000e1800000| Untracked 
|   5|0x00000000e1900000, 0x00000000e1a00000, 0x00000000e1a00000|100%| O|  |TAMS 0x00000000e1a00000, 0x00000000e1900000| Untracked 
|   6|0x00000000e1a00000, 0x00000000e1b00000, 0x00000000e1b00000|100%| O|  |TAMS 0x00000000e1b00000, 0x00000000e1a00000| Untracked 
|   7|0x00000000e1b00000, 0x00000000e1c00000, 0x00000000e1c00000|100%| O|  |TAMS 0x00000000e1b0d800, 0x00000000e1b00000| Untracked 
|   8|0x00000000e1c00000, 0x00000000e1d00000, 0x00000000e1d00000|100%| O|  |TAMS 0x00000000e1c00000, 0x00000000e1c00000| Untracked 
|   9|0x00000000e1d00000, 0x00000000e1d00000, 0x00000000e1e00000|  0%| F|  |TAMS 0x00000000e1d00000, 0x00000000e1d00000| Untracked 
|  10|0x00000000e1e00000, 0x00000000e1e00000, 0x00000000e1f00000|  0%| F|  |TAMS 0x00000000e1e00000, 0x00000000e1e00000| Untracked 
|  11|0x00000000e1f00000, 0x00000000e1f00000, 0x00000000e2000000|  0%| F|  |TAMS 0x00000000e1f00000, 0x00000000e1f00000| Untracked 
|  12|0x00000000e2000000, 0x00000000e2000000, 0x00000000e2100000|  0%| F|  |TAMS 0x00000000e2000000, 0x00000000e2000000| Untracked 
|  13|0x00000000e2100000, 0x00000000e2100000, 0x00000000e2200000|  0%| F|  |TAMS 0x00000000e2100000, 0x00000000e2100000| Untracked 
|  14|0x00000000e2200000, 0x00000000e2200000, 0x00000000e2300000|  0%| F|  |TAMS 0x00000000e2200000, 0x00000000e2200000| Untracked 
|  15|0x00000000e2300000, 0x00000000e2300000, 0x00000000e2400000|  0%| F|  |TAMS 0x00000000e2300000, 0x00000000e2300000| Untracked 
|  16|0x00000000e2400000, 0x00000000e2400000, 0x00000000e2500000|  0%| F|  |TAMS 0x00000000e2400000, 0x00000000e2400000| Untracked 
|  17|0x00000000e2500000, 0x00000000e2500000, 0x00000000e2600000|  0%| F|  |TAMS 0x00000000e2500000, 0x00000000e2500000| Untracked 
|  18|0x00000000e2600000, 0x00000000e2600000, 0x00000000e2700000|  0%| F|  |TAMS 0x00000000e2600000, 0x00000000e2600000| Untracked 
|  19|0x00000000e2700000, 0x00000000e2700000, 0x00000000e2800000|  0%| F|  |TAMS 0x00000000e2700000, 0x00000000e2700000| Untracked 
|  20|0x00000000e2800000, 0x00000000e2800000, 0x00000000e2900000|  0%| F|  |TAMS 0x00000000e2800000, 0x00000000e2800000| Untracked 
|  21|0x00000000e2900000, 0x00000000e2900000, 0x00000000e2a00000|  0%| F|  |TAMS 0x00000000e2900000, 0x00000000e2900000| Untracked 
|  22|0x00000000e2a00000, 0x00000000e2a00000, 0x00000000e2b00000|  0%| F|  |TAMS 0x00000000e2a00000, 0x00000000e2a00000| Untracked 
|  23|0x00000000e2b00000, 0x00000000e2b00000, 0x00000000e2c00000|  0%| F|  |TAMS 0x00000000e2b00000, 0x00000000e2b00000| Untracked 
|  24|0x00000000e2c00000, 0x00000000e2ce7dd8, 0x00000000e2d00000| 90%| S|CS|TAMS 0x00000000e2c00000, 0x00000000e2c00000| Complete 
|  25|0x00000000e2d00000, 0x00000000e2d00000, 0x00000000e2e00000|  0%| F|  |TAMS 0x00000000e2d00000, 0x00000000e2d00000| Untracked 
|  26|0x00000000e2e00000, 0x00000000e2e00000, 0x00000000e2f00000|  0%| F|  |TAMS 0x00000000e2e00000, 0x00000000e2e00000| Untracked 
|  27|0x00000000e2f00000, 0x00000000e2f00000, 0x00000000e3000000|  0%| F|  |TAMS 0x00000000e2f00000, 0x00000000e2f00000| Untracked 
|  28|0x00000000e3000000, 0x00000000e3000000, 0x00000000e3100000|  0%| F|  |TAMS 0x00000000e3000000, 0x00000000e3000000| Untracked 
|  29|0x00000000e3100000, 0x00000000e3100000, 0x00000000e3200000|  0%| F|  |TAMS 0x00000000e3100000, 0x00000000e3100000| Untracked 
|  30|0x00000000e3200000, 0x00000000e3200000, 0x00000000e3300000|  0%| F|  |TAMS 0x00000000e3200000, 0x00000000e3200000| Untracked 
|  31|0x00000000e3300000, 0x00000000e3400000, 0x00000000e3400000|100%| E|  |TAMS 0x00000000e3300000, 0x00000000e3300000| Complete 

Card table byte_map: [0x000001cd65a60000,0x000001cd65b60000] _byte_map_base: 0x000001cd65356000

Marking Bits (Prev, Next): (CMBitMap*) 0x000001cd4d3fc780, (CMBitMap*) 0x000001cd4d3fc740
 Prev Bits: [0x000001cd66410000, 0x000001cd66bc0000)
 Next Bits: [0x000001cd65c60000, 0x000001cd66410000)

Polling page: 0x000001cd4d4a0000

Metaspace:

Usage:
  Non-class:     18.47 MB used.
      Class:      2.59 MB used.
       Both:     21.06 MB used.

Virtual space:
  Non-class space:       24.00 MB reserved,      18.63 MB ( 78%) committed,  3 nodes.
      Class space:        1.00 GB reserved,       2.75 MB ( <1%) committed,  1 nodes.
              Both:        1.02 GB reserved,      21.38 MB (  2%) committed. 

Chunk freelists:
   Non-Class:  1.12 MB
       Class:  1.11 MB
        Both:  2.23 MB

MaxMetaspaceSize: 17179869184.00 GB
CompressedClassSpaceSize: 1.00 GB
 - commit_granule_bytes: 65536.
 - commit_granule_words: 8192.
 - virtual_space_node_default_size: 1048576.
 - enlarge_chunks_in_place: 1.
 - new_chunks_are_fully_committed: 0.
 - uncommit_free_chunks: 1.
 - use_allocation_guard: 0.
 - handle_deallocations: 1.


Internal statistics:

num_allocs_failed_limit: 3.
num_arena_births: 274.
num_arena_deaths: 0.
num_vsnodes_births: 4.
num_vsnodes_deaths: 0.
num_space_committed: 342.
num_space_uncommitted: 0.
num_chunks_returned_to_freelist: 3.
num_chunks_taken_from_freelist: 1003.
num_chunk_merges: 3.
num_chunk_splits: 672.
num_chunks_enlarged: 510.
num_purges: 0.

CodeHeap 'non-profiled nmethods': size=120000Kb used=1427Kb max_used=1427Kb free=118573Kb
 bounds [0x000001cd5de10000, 0x000001cd5e080000, 0x000001cd65340000]
CodeHeap 'profiled nmethods': size=120000Kb used=6492Kb max_used=6492Kb free=113507Kb
 bounds [0x000001cd568e0000, 0x000001cd56f40000, 0x000001cd5de10000]
CodeHeap 'non-nmethods': size=5760Kb used=1209Kb max_used=1260Kb free=4550Kb
 bounds [0x000001cd56340000, 0x000001cd565b0000, 0x000001cd568e0000]
 total_blobs=3554 nmethods=3049 adapters=418
 compilation: enabled
              stopped_count=0, restarted_count=0
 full_count=0

Compilation events (20 events):
Event: 35.278 Thread 0x000001cd6910ec60 3044       3       java.lang.ClassLoader::definePackage (53 bytes)
Event: 35.280 Thread 0x000001cd6910ec60 nmethod 3044 0x000001cd56f20890 code [0x000001cd56f20a80, 0x000001cd56f20fd8]
Event: 35.425 Thread 0x000001cd6910ec60 3045       1       sun.security.util.KnownOIDs::registerNames (2 bytes)
Event: 35.426 Thread 0x000001cd6910ec60 nmethod 3045 0x000001cd5df67a10 code [0x000001cd5df67ba0, 0x000001cd5df67c78]
Event: 35.429 Thread 0x000001cd6910ec60 3046       3       sun.security.util.KnownOIDs::register (349 bytes)
Event: 35.443 Thread 0x000001cd6910ec60 nmethod 3046 0x000001cd56f21290 code [0x000001cd56f21ba0, 0x000001cd56f26218]
Event: 35.444 Thread 0x000001cd6910ec60 3047       3       java.util.concurrent.ConcurrentHashMap::resizeStamp (9 bytes)
Event: 35.444 Thread 0x000001cd6910ec60 nmethod 3047 0x000001cd56f27a90 code [0x000001cd56f27c40, 0x000001cd56f27d68]
Event: 35.445 Thread 0x000001cd6910ec60 3048       3       java.lang.invoke.LambdaProxyClassArchive::find (63 bytes)
Event: 35.447 Thread 0x000001cd6910ec60 nmethod 3048 0x000001cd56f27e10 code [0x000001cd56f28040, 0x000001cd56f28918]
Event: 35.448 Thread 0x000001cd6910ec60 3049       3       java.lang.invoke.LambdaProxyClassArchive::loadedByBuiltinLoader (22 bytes)
Event: 35.450 Thread 0x000001cd6910ec60 nmethod 3049 0x000001cd56f28c10 code [0x000001cd56f28e60, 0x000001cd56f299b8]
Event: 35.450 Thread 0x000001cd6910ec60 3050       3       jdk.internal.misc.CDS::isSharingEnabled (4 bytes)
Event: 35.451 Thread 0x000001cd6910ec60 nmethod 3050 0x000001cd56f29d10 code [0x000001cd56f29ea0, 0x000001cd56f29f98]
Event: 35.646 Thread 0x000001cd6910ec60 3052       3       java.lang.Integer::reverseBytes (28 bytes)
Event: 35.647 Thread 0x000001cd6910ec60 nmethod 3052 0x000001cd56f2a010 code [0x000001cd56f2a1a0, 0x000001cd56f2a2b8]
Event: 35.883 Thread 0x000001cd69104240 nmethod 2981 0x000001cd5df68010 code [0x000001cd5df68700, 0x000001cd5df6fc10]
Event: 35.885 Thread 0x000001cd69104240 3013       4       org.springframework.boot.context.properties.source.ConfigurationPropertyName$ElementsParser::parse (234 bytes)
Event: 36.177 Thread 0x000001cd6910ec60 3054       3       sun.security.provider.SHA::implCompress0 (482 bytes)
Event: 36.179 Thread 0x000001cd6910ec60 nmethod 3054 0x000001cd56f2a390 code [0x000001cd56f2a5a0, 0x000001cd56f2ae58]

GC Heap History (16 events):
Event: 5.981 GC heap before
{Heap before GC invocations=0 (full 0):
 garbage-first heap   total 32768K, used 13312K [0x00000000e1400000, 0x0000000100000000)
  region size 1024K, 13 young (13312K), 0 survivors (0K)
 Metaspace       used 3892K, committed 4096K, reserved 1056768K
  class space    used 383K, committed 512K, reserved 1048576K
}
Event: 6.096 GC heap after
{Heap after GC invocations=1 (full 0):
 garbage-first heap   total 32768K, used 4277K [0x00000000e1400000, 0x0000000100000000)
  region size 1024K, 2 young (2048K), 2 survivors (2048K)
 Metaspace       used 3892K, committed 4096K, reserved 1056768K
  class space    used 383K, committed 512K, reserved 1048576K
}
Event: 8.914 GC heap before
{Heap before GC invocations=1 (full 0):
 garbage-first heap   total 32768K, used 13493K [0x00000000e1400000, 0x0000000100000000)
  region size 1024K, 11 young (11264K), 2 survivors (2048K)
 Metaspace       used 6514K, committed 6720K, reserved 1056768K
  class space    used 740K, committed 832K, reserved 1048576K
}
Event: 8.949 GC heap after
{Heap after GC invocations=2 (full 0):
 garbage-first heap   total 32768K, used 5419K [0x00000000e1400000, 0x0000000100000000)
  region size 1024K, 1 young (1024K), 1 survivors (1024K)
 Metaspace       used 6514K, committed 6720K, reserved 1056768K
  class space    used 740K, committed 832K, reserved 1048576K
}
Event: 10.749 GC heap before
{Heap before GC invocations=2 (full 0):
 garbage-first heap   total 32768K, used 14635K [0x00000000e1400000, 0x0000000100000000)
  region size 1024K, 11 young (11264K), 1 survivors (1024K)
 Metaspace       used 9136K, committed 9408K, reserved 1064960K
  class space    used 1103K, committed 1216K, reserved 1048576K
}
Event: 10.766 GC heap after
{Heap after GC invocations=3 (full 0):
 garbage-first heap   total 32768K, used 6232K [0x00000000e1400000, 0x0000000100000000)
  region size 1024K, 2 young (2048K), 2 survivors (2048K)
 Metaspace       used 9136K, committed 9408K, reserved 1064960K
  class space    used 1103K, committed 1216K, reserved 1048576K
}
Event: 11.797 GC heap before
{Heap before GC invocations=3 (full 0):
 garbage-first heap   total 32768K, used 17496K [0x00000000e1400000, 0x0000000100000000)
  region size 1024K, 14 young (14336K), 2 survivors (2048K)
 Metaspace       used 12610K, committed 12800K, reserved 1064960K
  class space    used 1497K, committed 1600K, reserved 1048576K
}
Event: 11.807 GC heap after
{Heap after GC invocations=4 (full 0):
 garbage-first heap   total 32768K, used 6784K [0x00000000e1400000, 0x0000000100000000)
  region size 1024K, 2 young (2048K), 2 survivors (2048K)
 Metaspace       used 12610K, committed 12800K, reserved 1064960K
  class space    used 1497K, committed 1600K, reserved 1048576K
}
Event: 13.924 GC heap before
{Heap before GC invocations=4 (full 0):
 garbage-first heap   total 32768K, used 19072K [0x00000000e1400000, 0x0000000100000000)
  region size 1024K, 15 young (15360K), 2 survivors (2048K)
 Metaspace       used 15531K, committed 15744K, reserved 1064960K
  class space    used 1868K, committed 1984K, reserved 1048576K
}
Event: 13.936 GC heap after
{Heap after GC invocations=5 (full 0):
 garbage-first heap   total 32768K, used 7597K [0x00000000e1400000, 0x0000000100000000)
  region size 1024K, 2 young (2048K), 2 survivors (2048K)
 Metaspace       used 15531K, committed 15744K, reserved 1064960K
  class space    used 1868K, committed 1984K, reserved 1048576K
}
Event: 22.689 GC heap before
{Heap before GC invocations=5 (full 0):
 garbage-first heap   total 32768K, used 20909K [0x00000000e1400000, 0x0000000100000000)
  region size 1024K, 15 young (15360K), 2 survivors (2048K)
 Metaspace       used 16937K, committed 17216K, reserved 1064960K
  class space    used 2036K, committed 2176K, reserved 1048576K
}
Event: 22.788 GC heap after
{Heap after GC invocations=6 (full 0):
 garbage-first heap   total 32768K, used 8179K [0x00000000e1400000, 0x0000000100000000)
  region size 1024K, 2 young (2048K), 2 survivors (2048K)
 Metaspace       used 16937K, committed 17216K, reserved 1064960K
  class space    used 2036K, committed 2176K, reserved 1048576K
}
Event: 32.608 GC heap before
{Heap before GC invocations=6 (full 0):
 garbage-first heap   total 32768K, used 21491K [0x00000000e1400000, 0x0000000100000000)
  region size 1024K, 15 young (15360K), 2 survivors (2048K)
 Metaspace       used 19829K, committed 20160K, reserved 1073152K
  class space    used 2396K, committed 2560K, reserved 1048576K
}
Event: 32.693 GC heap after
{Heap after GC invocations=7 (full 0):
 garbage-first heap   total 32768K, used 9270K [0x00000000e1400000, 0x0000000100000000)
  region size 1024K, 2 young (2048K), 2 survivors (2048K)
 Metaspace       used 19829K, committed 20160K, reserved 1073152K
  class space    used 2396K, committed 2560K, reserved 1048576K
}
Event: 34.937 GC heap before
{Heap before GC invocations=7 (full 0):
 garbage-first heap   total 32768K, used 15414K [0x00000000e1400000, 0x0000000100000000)
  region size 1024K, 9 young (9216K), 2 survivors (2048K)
 Metaspace       used 20967K, committed 21248K, reserved 1073152K
  class space    used 2574K, committed 2752K, reserved 1048576K
}
Event: 34.969 GC heap after
{Heap after GC invocations=8 (full 0):
 garbage-first heap   total 32768K, used 10143K [0x00000000e1400000, 0x0000000100000000)
  region size 1024K, 1 young (1024K), 1 survivors (1024K)
 Metaspace       used 20967K, committed 21248K, reserved 1073152K
  class space    used 2574K, committed 2752K, reserved 1048576K
}

Deoptimization events (20 events):
Event: 34.660 Thread 0x000001cd4d3d2ee0 DEOPT PACKING pc=0x000001cd5de65604 sp=0x000000bf518fa860
Event: 34.660 Thread 0x000001cd4d3d2ee0 DEOPT UNPACKING pc=0x000001cd5638d728 sp=0x000000bf518fa7e8 mode 2
Event: 34.854 Thread 0x000001cd4d3d2ee0 Uncommon trap: trap_request=0xffffff45 fr.pc=0x000001cd5df4fa28 relative=0x0000000000004e88
Event: 34.854 Thread 0x000001cd4d3d2ee0 Uncommon trap: reason=unstable_if action=reinterpret pc=0x000001cd5df4fa28 method=java.lang.invoke.MethodType.makeImpl(Ljava/lang/Class;[Ljava/lang/Class;Z)Ljava/lang/invoke/MethodType; @ 46 c2
Event: 34.854 Thread 0x000001cd4d3d2ee0 DEOPT PACKING pc=0x000001cd5df4fa28 sp=0x000000bf518fc5d0
Event: 34.855 Thread 0x000001cd4d3d2ee0 DEOPT UNPACKING pc=0x000001cd5638d728 sp=0x000000bf518fc5e8 mode 2
Event: 35.053 Thread 0x000001cd4d3d2ee0 Uncommon trap: trap_request=0xffffff45 fr.pc=0x000001cd5defc4ec relative=0x000000000000042c
Event: 35.053 Thread 0x000001cd4d3d2ee0 Uncommon trap: reason=unstable_if action=reinterpret pc=0x000001cd5defc4ec method=java.util.LinkedHashMap.get(Ljava/lang/Object;)Ljava/lang/Object; @ 16 c2
Event: 35.054 Thread 0x000001cd4d3d2ee0 DEOPT PACKING pc=0x000001cd5defc4ec sp=0x000000bf518fe6d0
Event: 35.055 Thread 0x000001cd4d3d2ee0 DEOPT UNPACKING pc=0x000001cd5638d728 sp=0x000000bf518fe698 mode 2
Event: 35.151 Thread 0x000001cd4d3d2ee0 DEOPT PACKING pc=0x000001cd56a146c9 sp=0x000000bf518fe150
Event: 35.151 Thread 0x000001cd4d3d2ee0 DEOPT UNPACKING pc=0x000001cd5638deaf sp=0x000000bf518fd640 mode 0
Event: 35.151 Thread 0x000001cd4d3d2ee0 Uncommon trap: trap_request=0xffffff45 fr.pc=0x000001cd5df55994 relative=0x0000000000000554
Event: 35.151 Thread 0x000001cd4d3d2ee0 Uncommon trap: reason=unstable_if action=reinterpret pc=0x000001cd5df55994 method=java.util.Properties.loadConvert([CIILjava/lang/StringBuilder;)Ljava/lang/String; @ 26 c2
Event: 35.152 Thread 0x000001cd4d3d2ee0 DEOPT PACKING pc=0x000001cd5df55994 sp=0x000000bf518fe1c0
Event: 35.152 Thread 0x000001cd4d3d2ee0 DEOPT UNPACKING pc=0x000001cd5638d728 sp=0x000000bf518fe158 mode 2
Event: 35.167 Thread 0x000001cd4d3d2ee0 DEOPT PACKING pc=0x000001cd56f1fb6e sp=0x000000bf518fe180
Event: 35.167 Thread 0x000001cd4d3d2ee0 DEOPT UNPACKING pc=0x000001cd5638deaf sp=0x000000bf518fd648 mode 0
Event: 35.168 Thread 0x000001cd4d3d2ee0 DEOPT PACKING pc=0x000001cd56a146c9 sp=0x000000bf518fe150
Event: 35.168 Thread 0x000001cd4d3d2ee0 DEOPT UNPACKING pc=0x000001cd5638deaf sp=0x000000bf518fd640 mode 0

Classes unloaded (0 events):
No events

Classes redefined (0 events):
No events

Internal exceptions (20 events):
Event: 30.968 Thread 0x000001cd4d3d2ee0 Exception <a 'java/lang/ClassNotFoundException'{0x00000000e288d2e8}: org/springframework/aop/framework/ProxyProcessorSupportCustomizer> (0x00000000e288d2e8) 
thrown [t:\workspace\open\src\hotspot\share\classfile\systemDictionary.cpp, line 256]
Event: 30.974 Thread 0x000001cd4d3d2ee0 Exception <a 'java/lang/ClassNotFoundException'{0x00000000e2894250}: org/springframework/aop/framework/autoproxy/AbstractAutoProxyCreatorCustomizer> (0x00000000e2894250) 
thrown [t:\workspace\open\src\hotspot\share\classfile\systemDictionary.cpp, line 256]
Event: 31.015 Thread 0x000001cd4d3d2ee0 Exception <a 'java/lang/ClassNotFoundException'{0x00000000e28a7540}: org/springframework/aop/framework/autoproxy/AbstractAdvisorAutoProxyCreatorCustomizer> (0x00000000e28a7540) 
thrown [t:\workspace\open\src\hotspot\share\classfile\systemDictionary.cpp, line 256]
Event: 31.021 Thread 0x000001cd4d3d2ee0 Exception <a 'java/lang/ClassNotFoundException'{0x00000000e28ae010}: org/springframework/aop/framework/autoproxy/InfrastructureAdvisorAutoProxyCreatorCustomizer> (0x00000000e28ae010) 
thrown [t:\workspace\open\src\hotspot\share\classfile\systemDictionary.cpp, line 256]
Event: 31.034 Thread 0x000001cd4d3d2ee0 Exception <a 'java/lang/ClassNotFoundException'{0x00000000e28bf2f0}: org/springframework/beans/factory/config/SmartInstantiationAwareBeanPostProcessorCustomizer> (0x00000000e28bf2f0) 
thrown [t:\workspace\open\src\hotspot\share\classfile\systemDictionary.cpp, line 256]
Event: 31.038 Thread 0x000001cd4d3d2ee0 Exception <a 'java/lang/ClassNotFoundException'{0x00000000e28c5f20}: org/springframework/beans/factory/config/InstantiationAwareBeanPostProcessorCustomizer> (0x00000000e28c5f20) 
thrown [t:\workspace\open\src\hotspot\share\classfile\systemDictionary.cpp, line 256]
Event: 31.041 Thread 0x000001cd4d3d2ee0 Exception <a 'java/lang/ClassNotFoundException'{0x00000000e28cc9a8}: org/springframework/beans/factory/config/BeanPostProcessorCustomizer> (0x00000000e28cc9a8) 
thrown [t:\workspace\open\src\hotspot\share\classfile\systemDictionary.cpp, line 256]
Event: 31.044 Thread 0x000001cd4d3d2ee0 Exception <a 'java/lang/ClassNotFoundException'{0x00000000e28d0ac8}: org/springframework/beans/factory/BeanFactoryAwareCustomizer> (0x00000000e28d0ac8) 
thrown [t:\workspace\open\src\hotspot\share\classfile\systemDictionary.cpp, line 256]
Event: 31.048 Thread 0x000001cd4d3d2ee0 Exception <a 'java/lang/ClassNotFoundException'{0x00000000e28d4b78}: org/springframework/beans/factory/AwareCustomizer> (0x00000000e28d4b78) 
thrown [t:\workspace\open\src\hotspot\share\classfile\systemDictionary.cpp, line 256]
Event: 31.053 Thread 0x000001cd4d3d2ee0 Exception <a 'java/lang/ClassNotFoundException'{0x00000000e28d7168}: org/springframework/core/OrderedCustomizer> (0x00000000e28d7168) 
thrown [t:\workspace\open\src\hotspot\share\classfile\systemDictionary.cpp, line 256]
Event: 31.063 Thread 0x000001cd4d3d2ee0 Exception <a 'java/lang/ClassNotFoundException'{0x00000000e28da4d8}: org/springframework/beans/factory/BeanClassLoaderAwareCustomizer> (0x00000000e28da4d8) 
thrown [t:\workspace\open\src\hotspot\share\classfile\systemDictionary.cpp, line 256]
Event: 31.077 Thread 0x000001cd4d3d2ee0 Exception <a 'java/lang/ClassNotFoundException'{0x00000000e28dda08}: org/springframework/beans/factory/AwareCustomizer> (0x00000000e28dda08) 
thrown [t:\workspace\open\src\hotspot\share\classfile\systemDictionary.cpp, line 256]
Event: 31.106 Thread 0x000001cd4d3d2ee0 Exception <a 'java/lang/ClassNotFoundException'{0x00000000e28e0218}: org/springframework/aop/framework/AopInfrastructureBeanCustomizer> (0x00000000e28e0218) 
thrown [t:\workspace\open\src\hotspot\share\classfile\systemDictionary.cpp, line 256]
Event: 32.719 Thread 0x000001cd4d3d2ee0 Exception <a 'java/lang/NoSuchMethodError'{0x00000000e331b3a0}: 'int java.lang.invoke.DirectMethodHandle$Holder.invokeSpecial(java.lang.Object, java.lang.Object, java.lang.Object, java.lang.Object, java.lang.Object)'> (0x00000000e331b3a0) 
thrown [t:\workspace\open\src\hotspot\share\interpreter\linkResolver.cpp, line 790]
Event: 33.954 Thread 0x000001cd4d3d2ee0 Exception <a 'java/lang/NoSuchMethodError'{0x00000000e31d8860}: 'void java.lang.invoke.DirectMethodHandle$Holder.invokeInterface(java.lang.Object, java.lang.Object, int)'> (0x00000000e31d8860) 
thrown [t:\workspace\open\src\hotspot\share\interpreter\linkResolver.cpp, line 790]
Event: 34.002 Thread 0x000001cd4d3d2ee0 Exception <a 'java/lang/NoSuchMethodError'{0x00000000e31f3528}: 'int java.lang.invoke.DirectMethodHandle$Holder.invokeVirtual(java.lang.Object, java.lang.Object)'> (0x00000000e31f3528) 
thrown [t:\workspace\open\src\hotspot\share\interpreter\linkResolver.cpp, line 790]
Event: 34.065 Thread 0x000001cd4d3d2ee0 Exception <a 'java/lang/IncompatibleClassChangeError'{0x00000000e302f5e0}: Found class java.lang.Object, but interface was expected> (0x00000000e302f5e0) 
thrown [t:\workspace\open\src\hotspot\share\interpreter\linkResolver.cpp, line 857]
Event: 34.077 Thread 0x000001cd4d3d2ee0 Exception <a 'java/lang/NoSuchMethodError'{0x00000000e3034a18}: 'void java.lang.invoke.DirectMethodHandle$Holder.invokeStatic(java.lang.Object, int, java.lang.Object)'> (0x00000000e3034a18) 
thrown [t:\workspace\open\src\hotspot\share\interpreter\linkResolver.cpp, line 790]
Event: 34.187 Thread 0x000001cd4d3d2ee0 Exception <a 'java/lang/NoSuchMethodError'{0x00000000e30648f0}: 'int java.lang.invoke.DirectMethodHandle$Holder.invokeSpecial(java.lang.Object, java.lang.Object, int)'> (0x00000000e30648f0) 
thrown [t:\workspace\open\src\hotspot\share\interpreter\linkResolver.cpp, line 790]
Event: 35.477 Thread 0x000001cd4d3d2ee0 Exception <a 'java/lang/NoSuchMethodError'{0x00000000e33d2968}: 'java.lang.Object java.lang.invoke.DirectMethodHandle$Holder.invokeStaticInit(java.lang.Object, int, int, int, int)'> (0x00000000e33d2968) 
thrown [t:\workspace\open\src\hotspot\share\interpreter\linkResolver.cpp, line 790]

Events (20 events):
Event: 35.629 loading class java/security/MessageDigest$Delegate$CloneableDelegate
Event: 35.629 loading class java/security/MessageDigest$Delegate$CloneableDelegate done
Event: 35.629 loading class sun/security/provider/SeedGenerator$1
Event: 35.637 loading class sun/security/provider/SeedGenerator$1 done
Event: 35.638 loading class sun/security/provider/ByteArrayAccess
Event: 35.643 loading class sun/security/provider/ByteArrayAccess done
Event: 36.175 loading class java/net/NetworkInterface$1
Event: 36.176 loading class java/net/NetworkInterface$1 done
Event: 36.310 Executing  VM operation: Cleanup
Event: 36.310 Executing  VM operation: Cleanup done
Event: 36.362 loading class java/nio/file/Files$AcceptAllFilter
Event: 36.365 loading class java/nio/file/DirectoryStream$Filter
Event: 36.367 loading class java/nio/file/DirectoryStream$Filter done
Event: 36.367 loading class java/nio/file/Files$AcceptAllFilter done
Event: 36.367 loading class sun/nio/fs/WindowsDirectoryStream
Event: 36.369 loading class java/nio/file/DirectoryStream
Event: 36.372 loading class java/nio/file/DirectoryStream done
Event: 36.373 loading class sun/nio/fs/WindowsDirectoryStream done
Event: 36.393 loading class sun/nio/fs/WindowsDirectoryStream$WindowsDirectoryIterator
Event: 36.398 loading class sun/nio/fs/WindowsDirectoryStream$WindowsDirectoryIterator done


Dynamic libraries:
0x00007ff6fdd90000 - 0x00007ff6fdda0000 	C:\Program Files\Java\jdk-16.0.1\bin\java.exe
0x00007ffb7aa20000 - 0x00007ffb7ac10000 	C:\WINDOWS\SYSTEM32\ntdll.dll
0x00007ffb79c30000 - 0x00007ffb79ce2000 	C:\WINDOWS\System32\KERNEL32.DLL
0x00007ffb78700000 - 0x00007ffb789a2000 	C:\WINDOWS\System32\KERNELBASE.dll
0x00007ffb789e0000 - 0x00007ffb78ada000 	C:\WINDOWS\System32\ucrtbase.dll
0x00007ffb6fbf0000 - 0x00007ffb6fc08000 	C:\Program Files\Java\jdk-16.0.1\bin\jli.dll
0x00007ffb79040000 - 0x00007ffb790e3000 	C:\WINDOWS\System32\ADVAPI32.dll
0x00007ffb78fa0000 - 0x00007ffb7903e000 	C:\WINDOWS\System32\msvcrt.dll
0x00007ffb6fbd0000 - 0x00007ffb6fbe9000 	C:\Program Files\Java\jdk-16.0.1\bin\VCRUNTIME140.dll
0x00007ffb7a8e0000 - 0x00007ffb7a977000 	C:\WINDOWS\System32\sechost.dll
0x00007ffb7a1a0000 - 0x00007ffb7a2c0000 	C:\WINDOWS\System32\RPCRT4.dll
0x00007ffb7a740000 - 0x00007ffb7a8d3000 	C:\WINDOWS\System32\USER32.dll
0x00007ffb779b0000 - 0x00007ffb779d1000 	C:\WINDOWS\System32\win32u.dll
0x00007ffb7a2e0000 - 0x00007ffb7a306000 	C:\WINDOWS\System32\GDI32.dll
0x00007ffb779e0000 - 0x00007ffb77b74000 	C:\WINDOWS\System32\gdi32full.dll
0x00007ffb77be0000 - 0x00007ffb77c7e000 	C:\WINDOWS\System32\msvcp_win.dll
0x00007ffb681a0000 - 0x00007ffb68425000 	C:\WINDOWS\WinSxS\amd64_microsoft.windows.common-controls_6595b64144ccf1df_6.0.18362.30_none_a1435978519dce7f\COMCTL32.dll
0x00007ffb78c60000 - 0x00007ffb78f96000 	C:\WINDOWS\System32\combase.dll
0x00007ffb77e40000 - 0x00007ffb77ec1000 	C:\WINDOWS\System32\bcryptPrimitives.dll
0x00007ffb6bf40000 - 0x00007ffb6bf4a000 	C:\WINDOWS\SYSTEM32\VERSION.dll
0x00007ffb7a160000 - 0x00007ffb7a18e000 	C:\WINDOWS\System32\IMM32.DLL
0x00007ffb75580000 - 0x00007ffb7558c000 	C:\Program Files\Java\jdk-16.0.1\bin\vcruntime140_1.dll
0x00007ffb672d0000 - 0x00007ffb67361000 	C:\Program Files\Java\jdk-16.0.1\bin\msvcp140.dll
0x00007ffb595f0000 - 0x00007ffb5a19b000 	C:\Program Files\Java\jdk-16.0.1\bin\server\jvm.dll
0x00007ffb7a3e0000 - 0x00007ffb7a3e8000 	C:\WINDOWS\System32\PSAPI.DLL
0x00007ffb6fb50000 - 0x00007ffb6fb59000 	C:\WINDOWS\SYSTEM32\WSOCK32.dll
0x00007ffb75080000 - 0x00007ffb750a4000 	C:\WINDOWS\SYSTEM32\WINMM.dll
0x00007ffb7a370000 - 0x00007ffb7a3df000 	C:\WINDOWS\System32\WS2_32.dll
0x00007ffb75050000 - 0x00007ffb7507d000 	C:\WINDOWS\SYSTEM32\winmmbase.dll
0x00007ffb77dd0000 - 0x00007ffb77e1a000 	C:\WINDOWS\System32\cfgmgr32.dll
0x00007ffb77990000 - 0x00007ffb779a1000 	C:\WINDOWS\System32\kernel.appcore.dll
0x00007ffb75520000 - 0x00007ffb7552a000 	C:\Program Files\Java\jdk-16.0.1\bin\jimage.dll
0x00007ffb76250000 - 0x00007ffb76444000 	C:\WINDOWS\SYSTEM32\DBGHELP.DLL
0x00007ffb69360000 - 0x00007ffb6938a000 	C:\WINDOWS\SYSTEM32\dbgcore.DLL
0x00007ffb6f540000 - 0x00007ffb6f54e000 	C:\Program Files\Java\jdk-16.0.1\bin\instrument.dll
0x00007ffb6f4f0000 - 0x00007ffb6f515000 	C:\Program Files\Java\jdk-16.0.1\bin\java.dll
0x00007ffb79250000 - 0x00007ffb79930000 	C:\WINDOWS\System32\SHELL32.dll
0x00007ffb78bb0000 - 0x00007ffb78c59000 	C:\WINDOWS\System32\shcore.dll
0x00007ffb77ed0000 - 0x00007ffb7864b000 	C:\WINDOWS\System32\windows.storage.dll
0x00007ffb77970000 - 0x00007ffb7798f000 	C:\WINDOWS\System32\profapi.dll
0x00007ffb77920000 - 0x00007ffb7796a000 	C:\WINDOWS\System32\powrprof.dll
0x00007ffb778f0000 - 0x00007ffb77900000 	C:\WINDOWS\System32\UMPDC.dll
0x00007ffb7a310000 - 0x00007ffb7a362000 	C:\WINDOWS\System32\shlwapi.dll
0x00007ffb77e20000 - 0x00007ffb77e37000 	C:\WINDOWS\System32\cryptsp.dll
0x00007ffb6c860000 - 0x00007ffb6c878000 	C:\Program Files\Java\jdk-16.0.1\bin\zip.dll
0x00007ffb6fb60000 - 0x00007ffb6fb79000 	C:\Program Files\Java\jdk-16.0.1\bin\net.dll
0x00007ffb72560000 - 0x00007ffb7264f000 	C:\WINDOWS\SYSTEM32\WINHTTP.dll
0x00007ffb77100000 - 0x00007ffb77167000 	C:\WINDOWS\system32\mswsock.dll
0x00007ffb6f580000 - 0x00007ffb6f593000 	C:\Program Files\Java\jdk-16.0.1\bin\nio.dll
0x00007ffb6c840000 - 0x00007ffb6c85a000 	D:\Gersov\AppData\Local\JetBrains\IntelliJ IDEA Community Edition 2021.1.3\bin\breakgen64.dll
0x00007ffb6eca0000 - 0x00007ffb6ecb0000 	C:\Program Files\Java\jdk-16.0.1\bin\verify.dll
0x00007ffb6c830000 - 0x00007ffb6c839000 	C:\Program Files\Java\jdk-16.0.1\bin\management.dll
0x00007ffb69c20000 - 0x00007ffb69c2b000 	C:\Program Files\Java\jdk-16.0.1\bin\management_ext.dll
0x00007ffb629c0000 - 0x00007ffb629d6000 	C:\WINDOWS\system32\napinsp.dll
0x00007ffb629a0000 - 0x00007ffb629ba000 	C:\WINDOWS\system32\pnrpnsp.dll
0x00007ffb62f40000 - 0x00007ffb62f55000 	C:\WINDOWS\system32\wshbth.dll
0x00007ffb73d90000 - 0x00007ffb73dac000 	C:\WINDOWS\system32\NLAapi.dll
0x00007ffb76e60000 - 0x00007ffb76e9a000 	C:\WINDOWS\SYSTEM32\IPHLPAPI.DLL
0x00007ffb76ea0000 - 0x00007ffb76f6a000 	C:\WINDOWS\SYSTEM32\DNSAPI.dll
0x00007ffb79bc0000 - 0x00007ffb79bc8000 	C:\WINDOWS\System32\NSI.dll
0x00007ffb62970000 - 0x00007ffb6297e000 	C:\WINDOWS\System32\winrnr.dll
0x00007ffb6e5c0000 - 0x00007ffb6e5ca000 	C:\Windows\System32\rasadhlp.dll
0x00007ffb6e460000 - 0x00007ffb6e4d7000 	C:\WINDOWS\System32\fwpuclnt.dll
0x00007ffb789b0000 - 0x00007ffb789d6000 	C:\WINDOWS\System32\bcrypt.dll
0x00007ffb76cc0000 - 0x00007ffb76cf3000 	C:\WINDOWS\system32\rsaenh.dll
0x00007ffb777e0000 - 0x00007ffb77805000 	C:\WINDOWS\SYSTEM32\USERENV.dll
0x00007ffb772d0000 - 0x00007ffb772dc000 	C:\WINDOWS\SYSTEM32\CRYPTBASE.dll
0x00007ffb6e840000 - 0x00007ffb6e856000 	C:\WINDOWS\SYSTEM32\dhcpcsvc6.DLL
0x00007ffb6e6b0000 - 0x00007ffb6e6cc000 	C:\WINDOWS\SYSTEM32\dhcpcsvc.DLL

dbghelp: loaded successfully - version: 4.0.5 - missing functions: none
symbol engine: initialized successfully - sym options: 0x614 - pdb path: .;C:\Program Files\Java\jdk-16.0.1\bin;C:\WINDOWS\SYSTEM32;C:\WINDOWS\WinSxS\amd64_microsoft.windows.common-controls_6595b64144ccf1df_6.0.18362.30_none_a1435978519dce7f;C:\Program Files\Java\jdk-16.0.1\bin\server;D:\Gersov\AppData\Local\JetBrains\IntelliJ IDEA Community Edition 2021.1.3\bin

VM Arguments:
jvm_args: -javaagent:D:\Gersov\AppData\Local\JetBrains\IntelliJ IDEA Community Edition 2021.1.3\lib\idea_rt.jar=59998:D:\Gersov\AppData\Local\JetBrains\IntelliJ IDEA Community Edition 2021.1.3\bin -Dfile.encoding=UTF-8 
java_command: com.calculator.math.CalculatorApplication
java_class_path (initial): C:\Users\Gersov\Desktop\Challenge\calculator\target\classes;C:\Users\Gersov\.m2\repository\org\springframework\amqp\spring-rabbit\2.3.10\spring-rabbit-2.3.10.jar;C:\Users\Gersov\.m2\repository\org\springframework\amqp\spring-amqp\2.3.10\spring-amqp-2.3.10.jar;C:\Users\Gersov\.m2\repository\org\springframework\retry\spring-retry\1.3.1\spring-retry-1.3.1.jar;C:\Users\Gersov\.m2\repository\javax\annotation\javax.annotation-api\1.3.2\javax.annotation-api-1.3.2.jar;C:\Users\Gersov\.m2\repository\com\rabbitmq\amqp-client\5.12.0\amqp-client-5.12.0.jar;C:\Users\Gersov\.m2\repository\org\slf4j\slf4j-api\1.7.32\slf4j-api-1.7.32.jar;C:\Users\Gersov\.m2\repository\org\springframework\spring-context\5.3.9\spring-context-5.3.9.jar;C:\Users\Gersov\.m2\repository\org\springframework\spring-aop\5.3.9\spring-aop-5.3.9.jar;C:\Users\Gersov\.m2\repository\org\springframework\spring-beans\5.3.9\spring-beans-5.3.9.jar;C:\Users\Gersov\.m2\repository\org\springframework\spring-expression\5.3.9\spring-expression-5.3.9.jar;C:\Users\Gersov\.m2\repository\org\springframework\spring-messaging\5.3.9\spring-messaging-5.3.9.jar;C:\Users\Gersov\.m2\repository\org\springframework\spring-tx\5.3.9\spring-tx-5.3.9.jar;C:\Users\Gersov\.m2\repository\org\springframework\boot\spring-boot-starter\2.5.3\spring-boot-starter-2.5.3.jar;C:\Users\Gersov\.m2\repository\org\springframework\boot\spring-boot\2.5.3\spring-boot-2.5.3.jar;C:\Users\Gersov\.m2\repository\org\springframework\boot\spring-boot-autoconfigure\2.5.3\spring-boot-autoconfigure-2.5.3.jar;C:\Users\Gersov\.m2\repository\org\springframework\boot\spring-boot-starter-logging\2.5.3\spring-boot-starter-logging-2.5.3.jar;C:\Users\Gersov\.m2\repository\ch\qos\logback\logback-classic\1.2.4\logback-classic-1.2.4.jar;C:\Users\Gersov\.m2\repository\ch\qos\logback\logback-core\1.2.4\logback-core-1.2.4.jar;C:\Users\Gersov\.m2\repository\org\apache\logging\log4j\log4j-to-slf4j\2.14.1\log4j-to-slf4j-2.14.1.jar;C:\Users\Gersov\.m2\repos
Launcher Type: SUN_STANDARD

[Global flags]
     intx CICompilerCount                          = 3                                         {product} {ergonomic}
     uint ConcGCThreads                            = 1                                         {product} {ergonomic}
     uint G1ConcRefinementThreads                  = 4                                         {product} {ergonomic}
   size_t G1HeapRegionSize                         = 1048576                                   {product} {ergonomic}
    uintx GCDrainStackTargetSize                   = 64                                        {product} {ergonomic}
   size_t InitialHeapSize                          = 33554432                                  {product} {ergonomic}
   size_t MarkStackSize                            = 4194304                                   {product} {ergonomic}
   size_t MaxHeapSize                              = 515899392                                 {product} {ergonomic}
   size_t MaxNewSize                               = 309329920                                 {product} {ergonomic}
   size_t MinHeapDeltaBytes                        = 1048576                                   {product} {ergonomic}
   size_t MinHeapSize                              = 8388608                                   {product} {ergonomic}
    uintx NonNMethodCodeHeapSize                   = 5832780                                {pd product} {ergonomic}
    uintx NonProfiledCodeHeapSize                  = 122912730                              {pd product} {ergonomic}
    uintx ProfiledCodeHeapSize                     = 122912730                              {pd product} {ergonomic}
    uintx ReservedCodeCacheSize                    = 251658240                              {pd product} {ergonomic}
     bool SegmentedCodeCache                       = true                                      {product} {ergonomic}
   size_t SoftMaxHeapSize                          = 515899392                              {manageable} {ergonomic}
     bool UseCompressedClassPointers               = true                           {product lp64_product} {ergonomic}
     bool UseCompressedOops                        = true                           {product lp64_product} {ergonomic}
     bool UseG1GC                                  = true                                      {product} {ergonomic}
     bool UseLargePagesIndividualAllocation        = false                                  {pd product} {ergonomic}

Logging:
Log output configuration:
 #0: stdout all=warning uptime,level,tags
 #1: stderr all=off uptime,level,tags

Environment Variables:
PATH=C:\Program Files\Common Files\Oracle\Java\javapath;C:\Users\Gersov\AppData\Local\Programs\Python\Python39\Scripts\;C:\Users\Gersov\AppData\Local\Programs\Python\Python39\;C:\Python39\Scripts\;C:\Python39\;C:\WINDOWS\system32;C:\WINDOWS;C:\WINDOWS\System32\Wbem;C:\WINDOWS\System32\WindowsPowerShell\v1.0\;C:\WINDOWS\System32\OpenSSH\;C:\Program Files\nodejs\;C:\ProgramData\chocolatey\bin;D:\Program Files\Git\cmd;C:\WINDOWS\system32\config\systemprofile;C:\Users\Gersov\AppData\Local\Microsoft\WindowsApps;C:\Users\Gersov\AppData\Roaming\npm;D:\Gersov\AppData\Local\Programs\Microsoft VS Code\bin;C:\WINDOWS\system32\config\systemprofile;
USERNAME=Gersov
OS=Windows_NT
PROCESSOR_IDENTIFIER=Intel64 Family 6 Model 76 Stepping 4, GenuineIntel



---------------  S Y S T E M  ---------------

OS:
 Windows 10 , 64 bit Build 18362 (10.0.18362.1)
OS uptime: 0 days 5:12 hours

CPU: total 4 (initial active 4) (4 cores per cpu, 1 threads per core) family 6 model 76 stepping 4 microcode 0x410, cx8, cmov, fxsr, mmx, 3dnowpref, sse, sse2, sse3, ssse3, sse4.1, sse4.2, popcnt, tsc, tscinvbit, aes, erms, clmul, clflush

Memory: 4k page, system-wide physical 1962M (263M free)
TotalPageFile size 5608M (AvailPageFile size 7M)
current process WorkingSet (physical memory assigned to process): 85M, peak: 89M
current process commit charge ("private bytes"): 160M, peak: 164M

vm_info: Java HotSpot(TM) 64-Bit Server VM (16.0.1+9-24) for windows-amd64 JRE (16.0.1+9-24), built on Mar 26 2021 19:31:42 by "mach5one" with MS VC++ 16.7 (VS2019)

END.
